{"timestamp":"2025-12-11T15:31:49.487551867Z","level":"INFO","component":"Rover","message":"Rover 1 initialized with update frequency 2"}
{"timestamp":"2025-12-11T15:31:49.488060533Z","level":"INFO","component":"Mission","message":"Requesting 3 missions from mothership"}
{"timestamp":"2025-12-11T15:31:49.488374493Z","level":"INFO","component":"Request","message":"Packet sent: map[seqNum:0 type:MSG_REQUEST]"}
{"timestamp":"2025-12-11T15:31:49.488799872Z","level":"INFO","component":"PacketHandler","message":"ACK sent: map[ackNum:0]"}
{"timestamp":"2025-12-11T15:31:49.488896273Z","level":"INFO","component":"PacketHandler","message":"ACK sent: map[ackNum:27]"}
{"timestamp":"2025-12-11T15:31:49.488968539Z","level":"INFO","component":"PacketHandler","message":"CUMULATIVE ACK - processed buffered packets: map[bufferedCount:1 cumulativeAck:81 originalSeq:27]"}
{"timestamp":"2025-12-11T15:31:49.48889997Z","level":"INFO","component":"Mission","message":"Mission 1 added to Priority 1 queue"}
{"timestamp":"2025-12-11T15:31:49.489008484Z","level":"INFO","component":"PacketHandler","message":"ACK sent: map[ackNum:81]"}
{"timestamp":"2025-12-11T15:31:49.489072244Z","level":"INFO","component":"Mission","message":"Mission 2 added to Priority 3 queue"}
{"timestamp":"2025-12-11T15:31:49.489103703Z","level":"INFO","component":"Mission","message":"Mission 3 added to Priority 2 queue"}
{"timestamp":"2025-12-11T15:31:49.489124222Z","level":"INFO","component":"Mission","message":"Dequeued mission 1 from Priority 1 queue"}
{"timestamp":"2025-12-11T15:31:49.4891395Z","level":"INFO","component":"Mission","message":"Mission 1 received: TaskType=0"}
{"timestamp":"2025-12-11T15:31:49.489584607Z","level":"INFO","component":"Camera","message":"Image loaded successfully: 91 chunks"}
{"timestamp":"2025-12-11T15:31:49.48961808Z","level":"INFO","component":"Movement","message":"Moving to coordinates (0.5937, 0.2540)"}
{"timestamp":"2025-12-11T15:31:49.489636634Z","level":"INFO","component":"Movement","message":"Starting movement","metadata":{"distance":0.6444452370535452,"targetLat":0.593725,"targetLon":0.253956}}
{"timestamp":"2025-12-11T15:31:49.489669125Z","level":"INFO","component":"Movement","message":"Estimated travel time: 12.89s"}
{"timestamp":"2025-12-11T15:31:51.492195211Z","level":"INFO","component":"Telemetry","message":"Telemetry sent: Position=(0.092974, 0.040252), Speed=2.68, State=1, Battery=97%"}
{"timestamp":"2025-12-11T15:31:53.489830084Z","level":"INFO","component":"Telemetry","message":"Telemetry sent: Position=(0.184949, 0.079503), Speed=0.43, State=1, Battery=95%"}
{"timestamp":"2025-12-11T15:31:55.489950939Z","level":"INFO","component":"Telemetry","message":"Telemetry sent: Position=(0.276923, 0.118755), Speed=1.67, State=1, Battery=92%"}
{"timestamp":"2025-12-11T15:31:57.493009796Z","level":"INFO","component":"Telemetry","message":"Telemetry sent: Position=(0.368898, 0.158007), Speed=4.51, State=1, Battery=89%"}
{"timestamp":"2025-12-11T15:31:58.506933966Z","level":"INFO","component":"Movement","message":"Movement progress","metadata":{"lat":0.46087227922576146,"lon":0.19725872413654183,"remainingDistance":0.19444523705354516,"step":10}}
{"timestamp":"2025-12-11T15:31:59.492046956Z","level":"INFO","component":"Telemetry","message":"Telemetry sent: Position=(0.460872, 0.197259), Speed=4.92, State=1, Battery=86%"}
{"timestamp":"2025-12-11T15:32:01.493022708Z","level":"INFO","component":"Telemetry","message":"Telemetry sent: Position=(0.552847, 0.236510), Speed=0.95, State=1, Battery=83%"}
{"timestamp":"2025-12-11T15:32:02.516203631Z","level":"INFO","component":"Movement","message":"Arrived at destination (remaining distance: 0.0056)"}
{"timestamp":"2025-12-11T15:32:02.516278772Z","level":"INFO","component":"Movement","message":"Movement completed","metadata":{"actualTime":13.026592445,"battery":81,"estimatedTime":12.888904741070903}}
{"timestamp":"2025-12-11T15:32:02.516315261Z","level":"INFO","component":"Movement","message":"Arrived at destination. Starting task"}
{"timestamp":"2025-12-11T15:32:02.516345648Z","level":"INFO","component":"Camera","message":"Sending 91 image chunks for mission 1"}
{"timestamp":"2025-12-11T15:32:02.516430788Z","level":"DEBUG","component":"Camera","message":"Sent chunk 1/91 (1024 bytes)"}
{"timestamp":"2025-12-11T15:32:02.516454252Z","level":"DEBUG","component":"Camera","message":"Sent chunk 2/91 (1024 bytes)"}
{"timestamp":"2025-12-11T15:32:02.516475522Z","level":"DEBUG","component":"Camera","message":"Sent chunk 3/91 (1024 bytes)"}
{"timestamp":"2025-12-11T15:32:02.516490781Z","level":"DEBUG","component":"Camera","message":"Sent chunk 4/91 (1024 bytes)"}
{"timestamp":"2025-12-11T15:32:02.516519374Z","level":"DEBUG","component":"Camera","message":"Sent chunk 5/91 (1024 bytes)"}
{"timestamp":"2025-12-11T15:32:02.51653845Z","level":"DEBUG","component":"Camera","message":"Sent chunk 6/91 (1024 bytes)"}
{"timestamp":"2025-12-11T15:32:02.516556133Z","level":"INFO","component":"Report","message":"Packet sent: map[seqNum:1 type:MSG_REPORT]"}
{"timestamp":"2025-12-11T15:32:02.516591009Z","level":"INFO","component":"Report","message":"Packet sent: map[seqNum:1031 type:MSG_REPORT]"}
{"timestamp":"2025-12-11T15:32:02.516556975Z","level":"DEBUG","component":"Camera","message":"Sent chunk 7/91 (1024 bytes)"}
{"timestamp":"2025-12-11T15:32:02.516680737Z","level":"DEBUG","component":"Camera","message":"Sent chunk 8/91 (1024 bytes)"}
{"timestamp":"2025-12-11T15:32:02.516722005Z","level":"DEBUG","component":"Camera","message":"Sent chunk 9/91 (1024 bytes)"}
{"timestamp":"2025-12-11T15:32:02.51660204Z","level":"INFO","component":"Report","message":"Packet sent: map[seqNum:6181 type:MSG_REPORT]"}
{"timestamp":"2025-12-11T15:32:02.516791526Z","level":"INFO","component":"Report","message":"Packet sent: map[seqNum:2061 type:MSG_REPORT]"}
{"timestamp":"2025-12-11T15:32:02.517064338Z","level":"INFO","component":"Report","message":"Packet sent: map[seqNum:4121 type:MSG_REPORT]"}
{"timestamp":"2025-12-11T15:32:02.517205884Z","level":"DEBUG","component":"Camera","message":"Sent chunk 10/91 (1024 bytes)"}
{"timestamp":"2025-12-11T15:32:02.517263102Z","level":"DEBUG","component":"Camera","message":"Sent chunk 11/91 (1024 bytes)"}
{"timestamp":"2025-12-11T15:32:02.517299701Z","level":"INFO","component":"Report","message":"Packet sent: map[seqNum:3091 type:MSG_REPORT]"}
{"timestamp":"2025-12-11T15:32:02.517313486Z","level":"INFO","component":"Report","message":"Packet sent: map[seqNum:7211 type:MSG_REPORT]"}
{"timestamp":"2025-12-11T15:32:02.517396573Z","level":"INFO","component":"Report","message":"Packet sent: map[seqNum:10301 type:MSG_REPORT]"}
{"timestamp":"2025-12-11T15:32:02.517327583Z","level":"DEBUG","component":"Camera","message":"Sent chunk 12/91 (1024 bytes)"}
{"timestamp":"2025-12-11T15:32:02.517605926Z","level":"DEBUG","component":"Camera","message":"Sent chunk 13/91 (1024 bytes)"}
{"timestamp":"2025-12-11T15:32:02.517474479Z","level":"INFO","component":"Report","message":"Packet sent: map[seqNum:9271 type:MSG_REPORT]"}
{"timestamp":"2025-12-11T15:32:02.517710963Z","level":"INFO","component":"Report","message":"Packet sent: map[seqNum:5151 type:MSG_REPORT]"}
{"timestamp":"2025-12-11T15:32:02.517741561Z","level":"INFO","component":"Report","message":"Packet sent: map[seqNum:13391 type:MSG_REPORT]"}
{"timestamp":"2025-12-11T15:32:02.517524363Z","level":"INFO","component":"Report","message":"Packet sent: map[seqNum:11331 type:MSG_REPORT]"}
{"timestamp":"2025-12-11T15:32:02.517655519Z","level":"DEBUG","component":"Camera","message":"Sent chunk 14/91 (1024 bytes)"}
{"timestamp":"2025-12-11T15:32:02.51761355Z","level":"INFO","component":"Report","message":"Packet sent: map[seqNum:8241 type:MSG_REPORT]"}
{"timestamp":"2025-12-11T15:32:02.517817744Z","level":"DEBUG","component":"Camera","message":"Sent chunk 15/91 (1024 bytes)"}
{"timestamp":"2025-12-11T15:32:02.517896161Z","level":"DEBUG","component":"Camera","message":"Sent chunk 16/91 (1024 bytes)"}
{"timestamp":"2025-12-11T15:32:02.517913133Z","level":"DEBUG","component":"Camera","message":"Sent chunk 17/91 (1024 bytes)"}
{"timestamp":"2025-12-11T15:32:02.517929524Z","level":"DEBUG","component":"Camera","message":"Sent chunk 18/91 (1024 bytes)"}
{"timestamp":"2025-12-11T15:32:02.517845436Z","level":"INFO","component":"Report","message":"Packet sent: map[seqNum:12361 type:MSG_REPORT]"}
{"timestamp":"2025-12-11T15:32:02.517868589Z","level":"INFO","component":"Report","message":"Packet sent: map[seqNum:14421 type:MSG_REPORT]"}
{"timestamp":"2025-12-11T15:32:02.517955543Z","level":"DEBUG","component":"Camera","message":"Sent chunk 19/91 (1024 bytes)"}
{"timestamp":"2025-12-11T15:32:02.51800716Z","level":"DEBUG","component":"Camera","message":"Sent chunk 20/91 (1024 bytes)"}
{"timestamp":"2025-12-11T15:32:02.518036565Z","level":"DEBUG","component":"Camera","message":"Sent chunk 21/91 (1024 bytes)"}
{"timestamp":"2025-12-11T15:32:02.518054308Z","level":"DEBUG","component":"Camera","message":"Sent chunk 22/91 (1024 bytes)"}
{"timestamp":"2025-12-11T15:32:02.518070038Z","level":"DEBUG","component":"Camera","message":"Sent chunk 23/91 (1024 bytes)"}
{"timestamp":"2025-12-11T15:32:02.518080327Z","level":"INFO","component":"Report","message":"Packet sent: map[seqNum:17511 type:MSG_REPORT]"}
{"timestamp":"2025-12-11T15:32:02.517993083Z","level":"INFO","component":"Report","message":"Packet sent: map[seqNum:15451 type:MSG_REPORT]"}
{"timestamp":"2025-12-11T15:32:02.518056853Z","level":"INFO","component":"Report","message":"Packet sent: map[seqNum:16481 type:MSG_REPORT]"}
{"timestamp":"2025-12-11T15:32:02.518019854Z","level":"INFO","component":"Report","message":"Packet sent: map[seqNum:18541 type:MSG_REPORT]"}
{"timestamp":"2025-12-11T15:32:02.518161901Z","level":"INFO","component":"Report","message":"Packet sent: map[seqNum:20601 type:MSG_REPORT]"}
{"timestamp":"2025-12-11T15:32:02.518194542Z","level":"INFO","component":"Report","message":"Packet sent: map[seqNum:22661 type:MSG_REPORT]"}
{"timestamp":"2025-12-11T15:32:02.518253944Z","level":"INFO","component":"Report","message":"Packet sent: map[seqNum:21631 type:MSG_REPORT]"}
{"timestamp":"2025-12-11T15:32:02.518275003Z","level":"INFO","component":"Report","message":"Packet sent: map[seqNum:19571 type:MSG_REPORT]"}
{"timestamp":"2025-12-11T15:32:02.518320799Z","level":"WARN","component":"Report","message":"Fast Retransmit triggered: map[seqNum:5151]"}
{"timestamp":"2025-12-11T15:32:02.529071741Z","level":"DEBUG","component":"Camera","message":"Sent chunk 24/91 (1024 bytes)"}
{"timestamp":"2025-12-11T15:32:02.529154607Z","level":"DEBUG","component":"Camera","message":"Sent chunk 25/91 (1024 bytes)"}
{"timestamp":"2025-12-11T15:32:02.529173963Z","level":"DEBUG","component":"Camera","message":"Sent chunk 26/91 (1024 bytes)"}
{"timestamp":"2025-12-11T15:32:02.529199862Z","level":"DEBUG","component":"Camera","message":"Sent chunk 27/91 (1024 bytes)"}
{"timestamp":"2025-12-11T15:32:02.529222525Z","level":"DEBUG","component":"Camera","message":"Sent chunk 28/91 (1024 bytes)"}
{"timestamp":"2025-12-11T15:32:02.529243063Z","level":"INFO","component":"Report","message":"Packet sent: map[seqNum:23691 type:MSG_REPORT]"}
{"timestamp":"2025-12-11T15:32:02.529245508Z","level":"DEBUG","component":"Camera","message":"Sent chunk 29/91 (1024 bytes)"}
{"timestamp":"2025-12-11T15:32:02.529320098Z","level":"DEBUG","component":"Camera","message":"Sent chunk 30/91 (1024 bytes)"}
{"timestamp":"2025-12-11T15:32:02.529346007Z","level":"DEBUG","component":"Camera","message":"Sent chunk 31/91 (1024 bytes)"}
{"timestamp":"2025-12-11T15:32:02.529334335Z","level":"INFO","component":"Report","message":"Packet sent: map[seqNum:25751 type:MSG_REPORT]"}
{"timestamp":"2025-12-11T15:32:02.529346548Z","level":"INFO","component":"Report","message":"Packet sent: map[seqNum:26781 type:MSG_REPORT]"}
{"timestamp":"2025-12-11T15:32:02.529299239Z","level":"INFO","component":"Report","message":"Packet sent: map[seqNum:28841 type:MSG_REPORT]"}
{"timestamp":"2025-12-11T15:32:02.529370322Z","level":"INFO","component":"Report","message":"Packet sent: map[seqNum:27811 type:MSG_REPORT]"}
{"timestamp":"2025-12-11T15:32:02.529386763Z","level":"DEBUG","component":"Camera","message":"Sent chunk 32/91 (1024 bytes)"}
{"timestamp":"2025-12-11T15:32:02.529467325Z","level":"DEBUG","component":"Camera","message":"Sent chunk 33/91 (1024 bytes)"}
{"timestamp":"2025-12-11T15:32:02.529510055Z","level":"DEBUG","component":"Camera","message":"Sent chunk 34/91 (1024 bytes)"}
{"timestamp":"2025-12-11T15:32:02.529530714Z","level":"INFO","component":"Report","message":"Packet sent: map[seqNum:32961 type:MSG_REPORT]"}
{"timestamp":"2025-12-11T15:32:02.529469429Z","level":"INFO","component":"Report","message":"Packet sent: map[seqNum:31931 type:MSG_REPORT]"}
{"timestamp":"2025-12-11T15:32:02.529575408Z","level":"INFO","component":"Report","message":"Packet sent: map[seqNum:35021 type:MSG_REPORT]"}
{"timestamp":"2025-12-11T15:32:02.529532217Z","level":"DEBUG","component":"Camera","message":"Sent chunk 35/91 (1024 bytes)"}
{"timestamp":"2025-12-11T15:32:02.529621504Z","level":"DEBUG","component":"Camera","message":"Sent chunk 36/91 (1024 bytes)"}
{"timestamp":"2025-12-11T15:32:02.529426648Z","level":"INFO","component":"Report","message":"Packet sent: map[seqNum:24721 type:MSG_REPORT]"}
{"timestamp":"2025-12-11T15:32:02.529655669Z","level":"WARN","component":"Report","message":"Fast Retransmit triggered: map[seqNum:24721]"}
{"timestamp":"2025-12-11T15:32:02.5296669Z","level":"INFO","component":"Report","message":"Packet sent: map[seqNum:37081 type:MSG_REPORT]"}
{"timestamp":"2025-12-11T15:32:02.529449862Z","level":"INFO","component":"Report","message":"Packet sent: map[seqNum:29871 type:MSG_REPORT]"}
{"timestamp":"2025-12-11T15:32:02.529392524Z","level":"INFO","component":"Report","message":"Packet sent: map[seqNum:30901 type:MSG_REPORT]"}
{"timestamp":"2025-12-11T15:32:02.529545762Z","level":"INFO","component":"Report","message":"Packet sent: map[seqNum:33991 type:MSG_REPORT]"}
{"timestamp":"2025-12-11T15:32:02.529641732Z","level":"DEBUG","component":"Camera","message":"Sent chunk 37/91 (1024 bytes)"}
{"timestamp":"2025-12-11T15:32:02.529804158Z","level":"DEBUG","component":"Camera","message":"Sent chunk 38/91 (1024 bytes)"}
{"timestamp":"2025-12-11T15:32:02.529843221Z","level":"DEBUG","component":"Camera","message":"Sent chunk 39/91 (1024 bytes)"}
{"timestamp":"2025-12-11T15:32:02.529860844Z","level":"INFO","component":"Report","message":"Packet sent: map[seqNum:38111 type:MSG_REPORT]"}
{"timestamp":"2025-12-11T15:32:02.529710061Z","level":"INFO","component":"Report","message":"Packet sent: map[seqNum:36051 type:MSG_REPORT]"}
{"timestamp":"2025-12-11T15:32:02.529867617Z","level":"DEBUG","component":"Camera","message":"Sent chunk 40/91 (1024 bytes)"}
{"timestamp":"2025-12-11T15:32:02.52992788Z","level":"DEBUG","component":"Camera","message":"Sent chunk 41/91 (1024 bytes)"}
{"timestamp":"2025-12-11T15:32:02.529957015Z","level":"DEBUG","component":"Camera","message":"Sent chunk 42/91 (1024 bytes)"}
{"timestamp":"2025-12-11T15:32:02.529974087Z","level":"DEBUG","component":"Camera","message":"Sent chunk 43/91 (1024 bytes)"}
{"timestamp":"2025-12-11T15:32:02.529933511Z","level":"INFO","component":"Report","message":"Packet sent: map[seqNum:39141 type:MSG_REPORT]"}
{"timestamp":"2025-12-11T15:32:02.530001358Z","level":"DEBUG","component":"Camera","message":"Sent chunk 44/91 (1024 bytes)"}
{"timestamp":"2025-12-11T15:32:02.530052023Z","level":"INFO","component":"Report","message":"Packet sent: map[seqNum:43261 type:MSG_REPORT]"}
{"timestamp":"2025-12-11T15:32:02.530060439Z","level":"DEBUG","component":"Camera","message":"Sent chunk 45/91 (1024 bytes)"}
{"timestamp":"2025-12-11T15:32:02.530098901Z","level":"INFO","component":"Report","message":"Packet sent: map[seqNum:45321 type:MSG_REPORT]"}
{"timestamp":"2025-12-11T15:32:02.529907862Z","level":"INFO","component":"Report","message":"Packet sent: map[seqNum:40171 type:MSG_REPORT]"}
{"timestamp":"2025-12-11T15:32:02.530145589Z","level":"INFO","component":"Report","message":"Packet sent: map[seqNum:46351 type:MSG_REPORT]"}
{"timestamp":"2025-12-11T15:32:02.530040652Z","level":"INFO","component":"Report","message":"Packet sent: map[seqNum:42231 type:MSG_REPORT]"}
{"timestamp":"2025-12-11T15:32:02.530069887Z","level":"INFO","component":"Report","message":"Packet sent: map[seqNum:44291 type:MSG_REPORT]"}
{"timestamp":"2025-12-11T15:32:02.530005636Z","level":"INFO","component":"Report","message":"Packet sent: map[seqNum:41201 type:MSG_REPORT]"}
{"timestamp":"2025-12-11T15:32:02.53010373Z","level":"DEBUG","component":"Camera","message":"Sent chunk 46/91 (1024 bytes)"}
{"timestamp":"2025-12-11T15:32:02.530260776Z","level":"DEBUG","component":"Camera","message":"Sent chunk 47/91 (1024 bytes)"}
{"timestamp":"2025-12-11T15:32:02.530280643Z","level":"DEBUG","component":"Camera","message":"Sent chunk 48/91 (1024 bytes)"}
{"timestamp":"2025-12-11T15:32:02.530299478Z","level":"DEBUG","component":"Camera","message":"Sent chunk 49/91 (1024 bytes)"}
{"timestamp":"2025-12-11T15:32:02.530319987Z","level":"DEBUG","component":"Camera","message":"Sent chunk 50/91 (1024 bytes)"}
{"timestamp":"2025-12-11T15:32:02.530337319Z","level":"DEBUG","component":"Camera","message":"Sent chunk 51/91 (1024 bytes)"}
{"timestamp":"2025-12-11T15:32:02.530353279Z","level":"DEBUG","component":"Camera","message":"Sent chunk 52/91 (1024 bytes)"}
{"timestamp":"2025-12-11T15:32:02.530376543Z","level":"DEBUG","component":"Camera","message":"Sent chunk 53/91 (1024 bytes)"}
{"timestamp":"2025-12-11T15:32:02.53039078Z","level":"DEBUG","component":"Camera","message":"Sent chunk 54/91 (1024 bytes)"}
{"timestamp":"2025-12-11T15:32:02.530409194Z","level":"DEBUG","component":"Camera","message":"Sent chunk 55/91 (1024 bytes)"}
{"timestamp":"2025-12-11T15:32:02.530425655Z","level":"DEBUG","component":"Camera","message":"Sent chunk 56/91 (1024 bytes)"}
{"timestamp":"2025-12-11T15:32:02.530446595Z","level":"DEBUG","component":"Camera","message":"Sent chunk 57/91 (1024 bytes)"}
{"timestamp":"2025-12-11T15:32:02.530464168Z","level":"DEBUG","component":"Camera","message":"Sent chunk 58/91 (1024 bytes)"}
{"timestamp":"2025-12-11T15:32:02.530480308Z","level":"DEBUG","component":"Camera","message":"Sent chunk 59/91 (1024 bytes)"}
{"timestamp":"2025-12-11T15:32:02.530497039Z","level":"DEBUG","component":"Camera","message":"Sent chunk 60/91 (1024 bytes)"}
{"timestamp":"2025-12-11T15:32:02.530516095Z","level":"DEBUG","component":"Camera","message":"Sent chunk 61/91 (1024 bytes)"}
{"timestamp":"2025-12-11T15:32:02.530579885Z","level":"INFO","component":"Report","message":"Packet sent: map[seqNum:47381 type:MSG_REPORT]"}
{"timestamp":"2025-12-11T15:32:02.530595825Z","level":"INFO","component":"Report","message":"Packet sent: map[seqNum:51501 type:MSG_REPORT]"}
{"timestamp":"2025-12-11T15:32:02.530610302Z","level":"INFO","component":"Report","message":"Packet sent: map[seqNum:48411 type:MSG_REPORT]"}
{"timestamp":"2025-12-11T15:32:02.53063576Z","level":"INFO","component":"Report","message":"Packet sent: map[seqNum:50471 type:MSG_REPORT]"}
{"timestamp":"2025-12-11T15:32:02.530623207Z","level":"INFO","component":"Report","message":"Packet sent: map[seqNum:49441 type:MSG_REPORT]"}
{"timestamp":"2025-12-11T15:32:02.53067845Z","level":"INFO","component":"Report","message":"Packet sent: map[seqNum:55621 type:MSG_REPORT]"}
{"timestamp":"2025-12-11T15:32:02.530717474Z","level":"INFO","component":"Report","message":"Packet sent: map[seqNum:52531 type:MSG_REPORT]"}
{"timestamp":"2025-12-11T15:32:02.530748662Z","level":"INFO","component":"Report","message":"Packet sent: map[seqNum:56651 type:MSG_REPORT]"}
{"timestamp":"2025-12-11T15:32:02.53077385Z","level":"INFO","component":"Report","message":"Packet sent: map[seqNum:53561 type:MSG_REPORT]"}
{"timestamp":"2025-12-11T15:32:02.530824565Z","level":"INFO","component":"Report","message":"Packet sent: map[seqNum:57681 type:MSG_REPORT]"}
{"timestamp":"2025-12-11T15:32:02.530849201Z","level":"INFO","component":"Report","message":"Packet sent: map[seqNum:60771 type:MSG_REPORT]"}
{"timestamp":"2025-12-11T15:32:02.530931376Z","level":"INFO","component":"Report","message":"Packet sent: map[seqNum:61801 type:MSG_REPORT]"}
{"timestamp":"2025-12-11T15:32:02.530937116Z","level":"INFO","component":"Report","message":"Packet sent: map[seqNum:58711 type:MSG_REPORT]"}
{"timestamp":"2025-12-11T15:32:02.530961793Z","level":"INFO","component":"Report","message":"Packet sent: map[seqNum:54591 type:MSG_REPORT]"}
{"timestamp":"2025-12-11T15:32:02.530994494Z","level":"INFO","component":"Report","message":"Packet sent: map[seqNum:59741 type:MSG_REPORT]"}
{"timestamp":"2025-12-11T15:32:02.531031033Z","level":"DEBUG","component":"Camera","message":"Sent chunk 62/91 (1024 bytes)"}
{"timestamp":"2025-12-11T15:32:02.531070978Z","level":"INFO","component":"Report","message":"Packet sent: map[seqNum:62831 type:MSG_REPORT]"}
{"timestamp":"2025-12-11T15:32:02.532584863Z","level":"WARN","component":"Report","message":"Fast Retransmit triggered: map[seqNum:54591]"}
{"timestamp":"2025-12-11T15:32:02.541537095Z","level":"DEBUG","component":"Camera","message":"Sent chunk 63/91 (1024 bytes)"}
{"timestamp":"2025-12-11T15:32:02.541608379Z","level":"DEBUG","component":"Camera","message":"Sent chunk 64/91 (1024 bytes)"}
{"timestamp":"2025-12-11T15:32:02.541686836Z","level":"DEBUG","component":"Camera","message":"Sent chunk 65/91 (1024 bytes)"}
{"timestamp":"2025-12-11T15:32:02.541734526Z","level":"DEBUG","component":"Camera","message":"Sent chunk 66/91 (1024 bytes)"}
{"timestamp":"2025-12-11T15:32:02.54176362Z","level":"DEBUG","component":"Camera","message":"Sent chunk 67/91 (1024 bytes)"}
{"timestamp":"2025-12-11T15:32:02.541783337Z","level":"DEBUG","component":"Camera","message":"Sent chunk 68/91 (1024 bytes)"}
{"timestamp":"2025-12-11T15:32:02.541764402Z","level":"INFO","component":"Report","message":"Packet sent: map[seqNum:64891 type:MSG_REPORT]"}
{"timestamp":"2025-12-11T15:32:02.541711062Z","level":"INFO","component":"Report","message":"Packet sent: map[seqNum:63861 type:MSG_REPORT]"}
{"timestamp":"2025-12-11T15:32:02.541813514Z","level":"DEBUG","component":"Camera","message":"Sent chunk 69/91 (1024 bytes)"}
{"timestamp":"2025-12-11T15:32:02.54196581Z","level":"DEBUG","component":"Camera","message":"Sent chunk 70/91 (1024 bytes)"}
{"timestamp":"2025-12-11T15:32:02.541848139Z","level":"INFO","component":"Report","message":"Packet sent: map[seqNum:385 type:MSG_REPORT]"}
{"timestamp":"2025-12-11T15:32:02.54203503Z","level":"INFO","component":"Report","message":"Packet sent: map[seqNum:6565 type:MSG_REPORT]"}
{"timestamp":"2025-12-11T15:32:02.541874228Z","level":"INFO","component":"Report","message":"Packet sent: map[seqNum:1415 type:MSG_REPORT]"}
{"timestamp":"2025-12-11T15:32:02.54189102Z","level":"INFO","component":"Report","message":"Packet sent: map[seqNum:2445 type:MSG_REPORT]"}
{"timestamp":"2025-12-11T15:32:02.541910236Z","level":"INFO","component":"Report","message":"Packet sent: map[seqNum:4505 type:MSG_REPORT]"}
{"timestamp":"2025-12-11T15:32:02.541927699Z","level":"INFO","component":"Report","message":"Packet sent: map[seqNum:3475 type:MSG_REPORT]"}
{"timestamp":"2025-12-11T15:32:02.54199744Z","level":"DEBUG","component":"Camera","message":"Sent chunk 71/91 (1024 bytes)"}
{"timestamp":"2025-12-11T15:32:02.542170725Z","level":"DEBUG","component":"Camera","message":"Sent chunk 72/91 (1024 bytes)"}
{"timestamp":"2025-12-11T15:32:02.542190983Z","level":"DEBUG","component":"Camera","message":"Sent chunk 73/91 (1024 bytes)"}
{"timestamp":"2025-12-11T15:32:02.542016165Z","level":"INFO","component":"Report","message":"Packet sent: map[seqNum:5535 type:MSG_REPORT]"}
{"timestamp":"2025-12-11T15:32:02.54224771Z","level":"DEBUG","component":"Camera","message":"Sent chunk 74/91 (1024 bytes)"}
{"timestamp":"2025-12-11T15:32:02.542280702Z","level":"INFO","component":"Report","message":"Packet sent: map[seqNum:7595 type:MSG_REPORT]"}
{"timestamp":"2025-12-11T15:32:02.542286934Z","level":"DEBUG","component":"Camera","message":"Sent chunk 75/91 (1024 bytes)"}
{"timestamp":"2025-12-11T15:32:02.542326588Z","level":"INFO","component":"Report","message":"Packet sent: map[seqNum:10685 type:MSG_REPORT]"}
{"timestamp":"2025-12-11T15:32:02.54232731Z","level":"DEBUG","component":"Camera","message":"Sent chunk 76/91 (1024 bytes)"}
{"timestamp":"2025-12-11T15:32:02.542363898Z","level":"INFO","component":"Report","message":"Packet sent: map[seqNum:11715 type:MSG_REPORT]"}
{"timestamp":"2025-12-11T15:32:02.542372575Z","level":"DEBUG","component":"Camera","message":"Sent chunk 77/91 (1024 bytes)"}
{"timestamp":"2025-12-11T15:32:02.542404445Z","level":"INFO","component":"Report","message":"Packet sent: map[seqNum:12745 type:MSG_REPORT]"}
{"timestamp":"2025-12-11T15:32:02.542251277Z","level":"INFO","component":"Report","message":"Packet sent: map[seqNum:8625 type:MSG_REPORT]"}
{"timestamp":"2025-12-11T15:32:02.542445502Z","level":"INFO","component":"Report","message":"Packet sent: map[seqNum:13775 type:MSG_REPORT]"}
{"timestamp":"2025-12-11T15:32:02.542307613Z","level":"INFO","component":"Report","message":"Packet sent: map[seqNum:9655 type:MSG_REPORT]"}
{"timestamp":"2025-12-11T15:32:02.542415105Z","level":"DEBUG","component":"Camera","message":"Sent chunk 78/91 (1024 bytes)"}
{"timestamp":"2025-12-11T15:32:02.542505074Z","level":"DEBUG","component":"Camera","message":"Sent chunk 79/91 (1024 bytes)"}
{"timestamp":"2025-12-11T15:32:02.542520132Z","level":"DEBUG","component":"Camera","message":"Sent chunk 80/91 (1024 bytes)"}
{"timestamp":"2025-12-11T15:32:02.542533026Z","level":"DEBUG","component":"Camera","message":"Sent chunk 81/91 (1024 bytes)"}
{"timestamp":"2025-12-11T15:32:02.542543356Z","level":"INFO","component":"Report","message":"Packet sent: map[seqNum:14805 type:MSG_REPORT]"}
{"timestamp":"2025-12-11T15:32:02.542544959Z","level":"DEBUG","component":"Camera","message":"Sent chunk 82/91 (1024 bytes)"}
{"timestamp":"2025-12-11T15:32:02.542577029Z","level":"INFO","component":"Report","message":"Packet sent: map[seqNum:16865 type:MSG_REPORT]"}
{"timestamp":"2025-12-11T15:32:02.542587158Z","level":"DEBUG","component":"Camera","message":"Sent chunk 83/91 (1024 bytes)"}
{"timestamp":"2025-12-11T15:32:02.542605823Z","level":"DEBUG","component":"Camera","message":"Sent chunk 84/91 (1024 bytes)"}
{"timestamp":"2025-12-11T15:32:02.542631672Z","level":"DEBUG","component":"Camera","message":"Sent chunk 85/91 (1024 bytes)"}
{"timestamp":"2025-12-11T15:32:02.542653733Z","level":"INFO","component":"Report","message":"Packet sent: map[seqNum:19955 type:MSG_REPORT]"}
{"timestamp":"2025-12-11T15:32:02.542565347Z","level":"INFO","component":"Report","message":"Packet sent: map[seqNum:15835 type:MSG_REPORT]"}
{"timestamp":"2025-12-11T15:32:02.542617104Z","level":"INFO","component":"Report","message":"Packet sent: map[seqNum:18925 type:MSG_REPORT]"}
{"timestamp":"2025-12-11T15:32:02.542639196Z","level":"INFO","component":"Report","message":"Packet sent: map[seqNum:17895 type:MSG_REPORT]"}
{"timestamp":"2025-12-11T15:32:02.542668541Z","level":"INFO","component":"Report","message":"Packet sent: map[seqNum:20985 type:MSG_REPORT]"}
{"timestamp":"2025-12-11T15:32:02.553113177Z","level":"DEBUG","component":"Camera","message":"Sent chunk 86/91 (1024 bytes)"}
{"timestamp":"2025-12-11T15:32:02.553196534Z","level":"DEBUG","component":"Camera","message":"Sent chunk 87/91 (1024 bytes)"}
{"timestamp":"2025-12-11T15:32:02.553214888Z","level":"DEBUG","component":"Camera","message":"Sent chunk 88/91 (1024 bytes)"}
{"timestamp":"2025-12-11T15:32:02.553236479Z","level":"DEBUG","component":"Camera","message":"Sent chunk 89/91 (1024 bytes)"}
{"timestamp":"2025-12-11T15:32:02.553267918Z","level":"DEBUG","component":"Camera","message":"Sent chunk 90/91 (1024 bytes)"}
{"timestamp":"2025-12-11T15:32:02.553288096Z","level":"INFO","component":"Report","message":"Packet sent: map[seqNum:22015 type:MSG_REPORT]"}
{"timestamp":"2025-12-11T15:32:02.553290871Z","level":"DEBUG","component":"Camera","message":"Sent chunk 91/91 (355 bytes)"}
{"timestamp":"2025-12-11T15:32:02.553390859Z","level":"INFO","component":"Mission","message":"Dequeued mission 3 from Priority 2 queue"}
{"timestamp":"2025-12-11T15:32:02.553405847Z","level":"INFO","component":"Mission","message":"Mission 3 received: TaskType=2"}
{"timestamp":"2025-12-11T15:32:02.553426436Z","level":"INFO","component":"Movement","message":"Moving to coordinates (-0.7890, -0.4236)"}
{"timestamp":"2025-12-11T15:32:02.553434301Z","level":"INFO","component":"Report","message":"Packet sent: map[seqNum:23045 type:MSG_REPORT]"}
{"timestamp":"2025-12-11T15:32:02.55339118Z","level":"INFO","component":"Report","message":"Packet sent: map[seqNum:24075 type:MSG_REPORT]"}
{"timestamp":"2025-12-11T15:32:02.553409494Z","level":"INFO","component":"Report","message":"Packet sent: map[seqNum:26135 type:MSG_REPORT]"}
{"timestamp":"2025-12-11T15:32:02.553346736Z","level":"INFO","component":"Report","message":"Packet sent: map[seqNum:27165 type:MSG_REPORT]"}
{"timestamp":"2025-12-11T15:32:02.553440242Z","level":"INFO","component":"Movement","message":"Starting movement","metadata":{"distance":1.5453520793906712,"targetLat":-0.789012,"targetLon":-0.423567}}
{"timestamp":"2025-12-11T15:32:02.553547263Z","level":"INFO","component":"Movement","message":"Estimated travel time: 30.91s"}
{"timestamp":"2025-12-11T15:32:02.553305118Z","level":"INFO","component":"Report","message":"Packet sent: map[seqNum:25105 type:MSG_REPORT]"}
{"timestamp":"2025-12-11T15:32:02.553874768Z","level":"WARN","component":"Report","message":"Fast Retransmit triggered: map[seqNum:23045]"}
{"timestamp":"2025-12-11T15:32:03.491990667Z","level":"INFO","component":"Telemetry","message":"Telemetry sent: Position=(0.553930, 0.234144), Speed=1.13, State=1, Battery=78%"}
{"timestamp":"2025-12-11T15:32:05.491982159Z","level":"INFO","component":"Telemetry","message":"Telemetry sent: Position=(0.464122, 0.190161), Speed=0.58, State=1, Battery=75%"}
{"timestamp":"2025-12-11T15:32:07.492027724Z","level":"INFO","component":"Telemetry","message":"Telemetry sent: Position=(0.374315, 0.146177), Speed=3.56, State=1, Battery=72%"}
{"timestamp":"2025-12-11T15:32:09.491587445Z","level":"INFO","component":"Telemetry","message":"Telemetry sent: Position=(0.284507, 0.102193), Speed=2.33, State=1, Battery=69%"}
{"timestamp":"2025-12-11T15:32:11.492947829Z","level":"INFO","component":"Telemetry","message":"Telemetry sent: Position=(0.194699, 0.058210), Speed=2.96, State=1, Battery=66%"}
{"timestamp":"2025-12-11T15:32:11.563250468Z","level":"INFO","component":"Movement","message":"Movement progress","metadata":{"lat":0.14979520299107182,"lon":0.03621773821831033,"remainingDistance":1.095352079390671,"step":10}}
{"timestamp":"2025-12-11T15:32:13.49231767Z","level":"INFO","component":"Telemetry","message":"Telemetry sent: Position=(0.104891, 0.014226), Speed=2.43, State=1, Battery=63%"}
{"timestamp":"2025-12-11T15:32:15.491994526Z","level":"INFO","component":"Telemetry","message":"Telemetry sent: Position=(0.015084, -0.029758), Speed=4.27, State=1, Battery=60%"}
{"timestamp":"2025-12-11T15:32:17.492280676Z","level":"INFO","component":"Telemetry","message":"Telemetry sent: Position=(-0.074724, -0.073742), Speed=4.86, State=1, Battery=57%"}
{"timestamp":"2025-12-11T15:32:19.492033134Z","level":"INFO","component":"Telemetry","message":"Telemetry sent: Position=(-0.164532, -0.117725), Speed=4.31, State=1, Battery=54%"}
{"timestamp":"2025-12-11T15:32:21.491989645Z","level":"INFO","component":"Telemetry","message":"Telemetry sent: Position=(-0.254340, -0.161709), Speed=1.47, State=1, Battery=51%"}
{"timestamp":"2025-12-11T15:32:21.57952019Z","level":"INFO","component":"Movement","message":"Movement progress","metadata":{"lat":-0.299243557011346,"lon":-0.1837008649408836,"remainingDistance":0.595352079390671,"step":20}}
{"timestamp":"2025-12-11T15:32:23.491988525Z","level":"INFO","component":"Telemetry","message":"Telemetry sent: Position=(-0.344147, -0.205693), Speed=1.10, State=1, Battery=48%"}
{"timestamp":"2025-12-11T15:32:25.491999539Z","level":"INFO","component":"Telemetry","message":"Telemetry sent: Position=(-0.433955, -0.249676), Speed=4.19, State=1, Battery=45%"}
{"timestamp":"2025-12-11T15:32:27.491962422Z","level":"INFO","component":"Telemetry","message":"Telemetry sent: Position=(-0.523763, -0.293660), Speed=1.01, State=1, Battery=42%"}
{"timestamp":"2025-12-11T15:32:29.49199763Z","level":"INFO","component":"Telemetry","message":"Telemetry sent: Position=(-0.613571, -0.337644), Speed=3.66, State=1, Battery=39%"}
{"timestamp":"2025-12-11T15:32:31.492002853Z","level":"INFO","component":"Telemetry","message":"Telemetry sent: Position=(-0.703378, -0.381628), Speed=0.19, State=1, Battery=36%"}
{"timestamp":"2025-12-11T15:32:31.59854705Z","level":"INFO","component":"Movement","message":"Movement progress","metadata":{"lat":-0.7482823170137639,"lon":-0.40361946810007754,"remainingDistance":0.09535207939067096,"step":30}}
{"timestamp":"2025-12-11T15:32:33.491990773Z","level":"INFO","component":"Telemetry","message":"Telemetry sent: Position=(-0.793186, -0.425611), Speed=0.99, State=1, Battery=33%"}
{"timestamp":"2025-12-11T15:32:33.602498831Z","level":"INFO","component":"Movement","message":"Arrived at destination (remaining distance: 0.0046)"}
{"timestamp":"2025-12-11T15:32:33.602575635Z","level":"INFO","component":"Movement","message":"Movement completed","metadata":{"actualTime":31.049016991,"battery":32,"estimatedTime":30.907041587813424}}
{"timestamp":"2025-12-11T15:32:33.602607745Z","level":"INFO","component":"Movement","message":"Arrived at destination. Starting task"}
{"timestamp":"2025-12-11T15:32:34.603666155Z","level":"INFO","component":"Report","message":"Packet sent: map[seqNum:27526 type:MSG_REPORT]"}
{"timestamp":"2025-12-11T15:32:35.491504353Z","level":"INFO","component":"Telemetry","message":"Telemetry sent: Position=(-0.793186, -0.425611), Speed=4.75, State=1, Battery=32%"}
{"timestamp":"2025-12-11T15:32:35.60310037Z","level":"INFO","component":"Report","message":"Packet sent: map[seqNum:27554 type:MSG_REPORT]"}
{"timestamp":"2025-12-11T15:32:36.606465415Z","level":"INFO","component":"Report","message":"Packet sent: map[seqNum:27582 type:MSG_REPORT]"}
{"timestamp":"2025-12-11T15:32:37.488917536Z","level":"INFO","component":"Telemetry","message":"Telemetry sent: Position=(-0.793186, -0.425611), Speed=2.77, State=1, Battery=31%"}
{"timestamp":"2025-12-11T15:32:37.603857041Z","level":"INFO","component":"Report","message":"Packet sent: map[seqNum:27610 type:MSG_REPORT]"}
{"timestamp":"2025-12-11T15:32:38.606267215Z","level":"INFO","component":"Report","message":"Packet sent: map[seqNum:27638 type:MSG_REPORT]"}
{"timestamp":"2025-12-11T15:32:39.491099708Z","level":"INFO","component":"Telemetry","message":"Telemetry sent: Position=(-0.793186, -0.425611), Speed=3.15, State=1, Battery=30%"}
{"timestamp":"2025-12-11T15:32:39.603824942Z","level":"INFO","component":"Report","message":"Packet sent: map[seqNum:27666 type:MSG_REPORT]"}
{"timestamp":"2025-12-11T15:32:40.606292244Z","level":"INFO","component":"Report","message":"Packet sent: map[seqNum:27694 type:MSG_REPORT]"}
{"timestamp":"2025-12-11T15:32:41.491016504Z","level":"INFO","component":"Telemetry","message":"Telemetry sent: Position=(-0.793186, -0.425611), Speed=0.48, State=1, Battery=29%"}
{"timestamp":"2025-12-11T15:32:41.603834743Z","level":"INFO","component":"Report","message":"Packet sent: map[seqNum:27722 type:MSG_REPORT]"}
{"timestamp":"2025-12-11T15:32:42.606141904Z","level":"INFO","component":"Report","message":"Packet sent: map[seqNum:27750 type:MSG_REPORT]"}
{"timestamp":"2025-12-11T15:32:43.491671675Z","level":"INFO","component":"Telemetry","message":"Telemetry sent: Position=(-0.793186, -0.425611), Speed=0.25, State=1, Battery=28%"}
{"timestamp":"2025-12-11T15:32:43.603025428Z","level":"INFO","component":"Report","message":"Packet sent: map[seqNum:27778 type:MSG_REPORT]"}
{"timestamp":"2025-12-11T15:32:44.603648151Z","level":"INFO","component":"Report","message":"Packet sent: map[seqNum:27806 type:MSG_REPORT]"}
{"timestamp":"2025-12-11T15:32:45.491558695Z","level":"INFO","component":"Telemetry","message":"Telemetry sent: Position=(-0.793186, -0.425611), Speed=4.61, State=1, Battery=27%"}
{"timestamp":"2025-12-11T15:32:45.603104579Z","level":"INFO","component":"Report","message":"Packet sent: map[seqNum:27834 type:MSG_REPORT]"}
{"timestamp":"2025-12-11T15:32:46.606089771Z","level":"INFO","component":"Report","message":"Packet sent: map[seqNum:27862 type:MSG_REPORT]"}
{"timestamp":"2025-12-11T15:32:47.491035527Z","level":"INFO","component":"Telemetry","message":"Telemetry sent: Position=(-0.793186, -0.425611), Speed=2.50, State=1, Battery=27%"}
{"timestamp":"2025-12-11T15:32:47.603787682Z","level":"INFO","component":"Report","message":"Packet sent: map[seqNum:27890 type:MSG_REPORT]"}
{"timestamp":"2025-12-11T15:32:48.606074475Z","level":"INFO","component":"Report","message":"Packet sent: map[seqNum:27918 type:MSG_REPORT]"}
{"timestamp":"2025-12-11T15:32:49.490066122Z","level":"INFO","component":"Telemetry","message":"Telemetry sent: Position=(-0.793186, -0.425611), Speed=1.39, State=1, Battery=26%"}
{"timestamp":"2025-12-11T15:32:49.603919622Z","level":"INFO","component":"Report","message":"Packet sent: map[seqNum:27946 type:MSG_REPORT]"}
{"timestamp":"2025-12-11T15:32:50.606184914Z","level":"INFO","component":"Report","message":"Packet sent: map[seqNum:27974 type:MSG_REPORT]"}
{"timestamp":"2025-12-11T15:32:51.491097077Z","level":"INFO","component":"Telemetry","message":"Telemetry sent: Position=(-0.793186, -0.425611), Speed=3.89, State=1, Battery=25%"}
{"timestamp":"2025-12-11T15:32:51.604135098Z","level":"INFO","component":"Report","message":"Packet sent: map[seqNum:28002 type:MSG_REPORT]"}
{"timestamp":"2025-12-11T15:32:52.606200105Z","level":"INFO","component":"Report","message":"Packet sent: map[seqNum:28030 type:MSG_REPORT]"}
{"timestamp":"2025-12-11T15:32:53.491133518Z","level":"INFO","component":"Telemetry","message":"Telemetry sent: Position=(-0.793186, -0.425611), Speed=2.02, State=1, Battery=24%"}
{"timestamp":"2025-12-11T15:32:53.603733086Z","level":"INFO","component":"Report","message":"Packet sent: map[seqNum:28058 type:MSG_REPORT]"}
{"timestamp":"2025-12-11T15:32:54.6038169Z","level":"INFO","component":"Report","message":"Packet sent: map[seqNum:28086 type:MSG_REPORT]"}
{"timestamp":"2025-12-11T15:32:55.491035586Z","level":"INFO","component":"Telemetry","message":"Telemetry sent: Position=(-0.793186, -0.425611), Speed=2.28, State=1, Battery=23%"}
{"timestamp":"2025-12-11T15:32:55.603886055Z","level":"INFO","component":"Report","message":"Packet sent: map[seqNum:28114 type:MSG_REPORT]"}
{"timestamp":"2025-12-11T15:32:56.606121612Z","level":"INFO","component":"Report","message":"Packet sent: map[seqNum:28142 type:MSG_REPORT]"}
{"timestamp":"2025-12-11T15:32:57.488735256Z","level":"INFO","component":"Telemetry","message":"Telemetry sent: Position=(-0.793186, -0.425611), Speed=4.36, State=1, Battery=23%"}
{"timestamp":"2025-12-11T15:32:57.603403743Z","level":"INFO","component":"Report","message":"Packet sent: map[seqNum:28170 type:MSG_REPORT]"}
{"timestamp":"2025-12-11T15:32:58.606849599Z","level":"INFO","component":"Report","message":"Packet sent: map[seqNum:28198 type:MSG_REPORT]"}
{"timestamp":"2025-12-11T15:32:59.490041908Z","level":"INFO","component":"Telemetry","message":"Telemetry sent: Position=(-0.793186, -0.425611), Speed=1.65, State=1, Battery=22%"}
{"timestamp":"2025-12-11T15:32:59.603851525Z","level":"INFO","component":"Report","message":"Packet sent: map[seqNum:28226 type:MSG_REPORT]"}
{"timestamp":"2025-12-11T15:33:00.603115181Z","level":"INFO","component":"Report","message":"Packet sent: map[seqNum:28254 type:MSG_REPORT]"}
{"timestamp":"2025-12-11T15:33:01.491097349Z","level":"INFO","component":"Telemetry","message":"Telemetry sent: Position=(-0.793186, -0.425611), Speed=2.52, State=1, Battery=21%"}
{"timestamp":"2025-12-11T15:33:01.603766357Z","level":"INFO","component":"Report","message":"Packet sent: map[seqNum:28282 type:MSG_REPORT]"}
{"timestamp":"2025-12-11T15:33:02.606070663Z","level":"INFO","component":"Report","message":"Packet sent: map[seqNum:28310 type:MSG_REPORT]"}
{"timestamp":"2025-12-11T15:33:03.491121436Z","level":"INFO","component":"Telemetry","message":"Telemetry sent: Position=(-0.793186, -0.425611), Speed=1.32, State=1, Battery=20%"}
{"timestamp":"2025-12-11T15:33:03.603893788Z","level":"INFO","component":"Report","message":"Packet sent: map[seqNum:28338 type:MSG_REPORT]"}
{"timestamp":"2025-12-11T15:33:04.491490424Z","level":"WARN","component":"Battery","message":"Low battery level: 20%"}
{"timestamp":"2025-12-11T15:33:04.603092122Z","level":"INFO","component":"Report","message":"Packet sent: map[seqNum:28366 type:MSG_REPORT]"}
{"timestamp":"2025-12-11T15:33:05.489150072Z","level":"INFO","component":"Telemetry","message":"Telemetry sent: Position=(-0.793186, -0.425611), Speed=2.75, State=1, Battery=19%"}
{"timestamp":"2025-12-11T15:33:05.602987111Z","level":"INFO","component":"Report","message":"Packet sent: map[seqNum:28394 type:MSG_REPORT]"}
{"timestamp":"2025-12-11T15:33:06.606218424Z","level":"INFO","component":"Report","message":"Packet sent: map[seqNum:28422 type:MSG_REPORT]"}
{"timestamp":"2025-12-11T15:33:07.491119606Z","level":"INFO","component":"Telemetry","message":"Telemetry sent: Position=(-0.793186, -0.425611), Speed=1.43, State=1, Battery=18%"}
{"timestamp":"2025-12-11T15:33:07.603763438Z","level":"INFO","component":"Report","message":"Packet sent: map[seqNum:28450 type:MSG_REPORT]"}
{"timestamp":"2025-12-11T15:33:08.606111877Z","level":"INFO","component":"Report","message":"Packet sent: map[seqNum:28478 type:MSG_REPORT]"}
{"timestamp":"2025-12-11T15:33:09.489905974Z","level":"WARN","component":"Battery","message":"Low battery level: 18%"}
{"timestamp":"2025-12-11T15:33:09.490084198Z","level":"INFO","component":"Telemetry","message":"Telemetry sent: Position=(-0.793186, -0.425611), Speed=2.99, State=1, Battery=18%"}
{"timestamp":"2025-12-11T15:33:09.603759924Z","level":"INFO","component":"Report","message":"Packet sent: map[seqNum:28506 type:MSG_REPORT]"}
{"timestamp":"2025-12-11T15:33:10.60610715Z","level":"INFO","component":"Report","message":"Packet sent: map[seqNum:28534 type:MSG_REPORT]"}
{"timestamp":"2025-12-11T15:33:11.488876486Z","level":"INFO","component":"Telemetry","message":"Telemetry sent: Position=(-0.793186, -0.425611), Speed=0.43, State=1, Battery=17%"}
{"timestamp":"2025-12-11T15:33:11.603151946Z","level":"INFO","component":"Report","message":"Packet sent: map[seqNum:28562 type:MSG_REPORT]"}
{"timestamp":"2025-12-11T15:33:12.60611139Z","level":"INFO","component":"Report","message":"Packet sent: map[seqNum:28590 type:MSG_REPORT]"}
{"timestamp":"2025-12-11T15:33:13.491103182Z","level":"INFO","component":"Telemetry","message":"Telemetry sent: Position=(-0.793186, -0.425611), Speed=0.09, State=1, Battery=16%"}
{"timestamp":"2025-12-11T15:33:13.603720154Z","level":"INFO","component":"Report","message":"Packet sent: map[seqNum:28618 type:MSG_REPORT]"}
{"timestamp":"2025-12-11T15:33:14.490900669Z","level":"WARN","component":"Battery","message":"Low battery level: 16%"}
{"timestamp":"2025-12-11T15:33:14.603790041Z","level":"INFO","component":"Report","message":"Packet sent: map[seqNum:28646 type:MSG_REPORT]"}
{"timestamp":"2025-12-11T15:33:15.491132079Z","level":"INFO","component":"Telemetry","message":"Telemetry sent: Position=(-0.793186, -0.425611), Speed=4.67, State=1, Battery=15%"}
{"timestamp":"2025-12-11T15:33:15.603794475Z","level":"INFO","component":"Report","message":"Packet sent: map[seqNum:28674 type:MSG_REPORT]"}
{"timestamp":"2025-12-11T15:33:16.605992732Z","level":"INFO","component":"Report","message":"Packet sent: map[seqNum:28702 type:MSG_REPORT]"}
{"timestamp":"2025-12-11T15:33:17.49148348Z","level":"INFO","component":"Telemetry","message":"Telemetry sent: Position=(-0.793186, -0.425611), Speed=2.60, State=1, Battery=14%"}
{"timestamp":"2025-12-11T15:33:17.603179725Z","level":"INFO","component":"Report","message":"Packet sent: map[seqNum:28730 type:MSG_REPORT]"}
{"timestamp":"2025-12-11T15:33:18.60613458Z","level":"INFO","component":"Report","message":"Packet sent: map[seqNum:28758 type:MSG_REPORT]"}
{"timestamp":"2025-12-11T15:33:19.489907808Z","level":"WARN","component":"Battery","message":"Low battery level: 14%"}
{"timestamp":"2025-12-11T15:33:19.490165862Z","level":"INFO","component":"Telemetry","message":"Telemetry sent: Position=(-0.793186, -0.425611), Speed=2.58, State=1, Battery=14%"}
{"timestamp":"2025-12-11T15:33:19.603929412Z","level":"INFO","component":"Report","message":"Packet sent: map[seqNum:28786 type:MSG_REPORT]"}
{"timestamp":"2025-12-11T15:33:20.606225152Z","level":"INFO","component":"Report","message":"Packet sent: map[seqNum:28814 type:MSG_REPORT]"}
{"timestamp":"2025-12-11T15:33:21.49114562Z","level":"INFO","component":"Telemetry","message":"Telemetry sent: Position=(-0.793186, -0.425611), Speed=4.01, State=1, Battery=13%"}
{"timestamp":"2025-12-11T15:33:21.603791616Z","level":"INFO","component":"Report","message":"Packet sent: map[seqNum:28842 type:MSG_REPORT]"}
{"timestamp":"2025-12-11T15:33:22.606121239Z","level":"INFO","component":"Report","message":"Packet sent: map[seqNum:28870 type:MSG_REPORT]"}
{"timestamp":"2025-12-11T15:33:23.491076773Z","level":"INFO","component":"Telemetry","message":"Telemetry sent: Position=(-0.793186, -0.425611), Speed=2.81, State=1, Battery=12%"}
{"timestamp":"2025-12-11T15:33:23.603783463Z","level":"INFO","component":"Report","message":"Packet sent: map[seqNum:28898 type:MSG_REPORT]"}
{"timestamp":"2025-12-11T15:33:24.49092244Z","level":"WARN","component":"Battery","message":"Low battery level: 12%"}
{"timestamp":"2025-12-11T15:33:24.603796594Z","level":"INFO","component":"Report","message":"Packet sent: map[seqNum:28926 type:MSG_REPORT]"}
{"timestamp":"2025-12-11T15:33:25.491620916Z","level":"INFO","component":"Telemetry","message":"Telemetry sent: Position=(-0.793186, -0.425611), Speed=4.74, State=1, Battery=11%"}
{"timestamp":"2025-12-11T15:33:25.603052825Z","level":"INFO","component":"Report","message":"Packet sent: map[seqNum:28954 type:MSG_REPORT]"}
{"timestamp":"2025-12-11T15:33:26.606062463Z","level":"INFO","component":"Report","message":"Packet sent: map[seqNum:28982 type:MSG_REPORT]"}
{"timestamp":"2025-12-11T15:33:27.491031833Z","level":"INFO","component":"Telemetry","message":"Telemetry sent: Position=(-0.793186, -0.425611), Speed=1.53, State=1, Battery=11%"}
{"timestamp":"2025-12-11T15:33:27.603818192Z","level":"INFO","component":"Report","message":"Packet sent: map[seqNum:29010 type:MSG_REPORT]"}
{"timestamp":"2025-12-11T15:33:28.606103252Z","level":"INFO","component":"Report","message":"Packet sent: map[seqNum:29038 type:MSG_REPORT]"}
{"timestamp":"2025-12-11T15:33:29.489923868Z","level":"WARN","component":"Battery","message":"Low battery level: 10%"}
{"timestamp":"2025-12-11T15:33:29.490067377Z","level":"INFO","component":"Telemetry","message":"Telemetry sent: Position=(-0.793186, -0.425611), Speed=3.37, State=1, Battery=10%"}
{"timestamp":"2025-12-11T15:33:29.603765135Z","level":"INFO","component":"Report","message":"Packet sent: map[seqNum:29066 type:MSG_REPORT]"}
{"timestamp":"2025-12-11T15:33:30.605988499Z","level":"INFO","component":"Report","message":"Packet sent: map[seqNum:29094 type:MSG_REPORT]"}
{"timestamp":"2025-12-11T15:33:31.491124231Z","level":"INFO","component":"Telemetry","message":"Telemetry sent: Position=(-0.793186, -0.425611), Speed=4.80, State=1, Battery=9%"}
{"timestamp":"2025-12-11T15:33:31.603237358Z","level":"INFO","component":"Report","message":"Packet sent: map[seqNum:29122 type:MSG_REPORT]"}
{"timestamp":"2025-12-11T15:33:32.606081265Z","level":"INFO","component":"Report","message":"Packet sent: map[seqNum:29150 type:MSG_REPORT]"}
{"timestamp":"2025-12-11T15:33:33.488802771Z","level":"INFO","component":"Telemetry","message":"Telemetry sent: Position=(-0.793186, -0.425611), Speed=2.18, State=1, Battery=8%"}
{"timestamp":"2025-12-11T15:33:33.603190001Z","level":"INFO","component":"Report","message":"Packet sent: map[seqNum:29178 type:MSG_REPORT]"}
{"timestamp":"2025-12-11T15:33:34.488646033Z","level":"WARN","component":"Battery","message":"Low battery level: 8%"}
{"timestamp":"2025-12-11T15:33:34.603220765Z","level":"INFO","component":"Report","message":"Packet sent: map[seqNum:29206 type:MSG_REPORT]"}
{"timestamp":"2025-12-11T15:33:35.491097856Z","level":"INFO","component":"Telemetry","message":"Telemetry sent: Position=(-0.793186, -0.425611), Speed=1.48, State=1, Battery=7%"}
{"timestamp":"2025-12-11T15:33:35.603851463Z","level":"INFO","component":"Report","message":"Packet sent: map[seqNum:29234 type:MSG_REPORT]"}
{"timestamp":"2025-12-11T15:33:36.606203428Z","level":"INFO","component":"Report","message":"Packet sent: map[seqNum:29262 type:MSG_REPORT]"}
{"timestamp":"2025-12-11T15:33:37.490997019Z","level":"INFO","component":"Telemetry","message":"Telemetry sent: Position=(-0.793186, -0.425611), Speed=0.95, State=1, Battery=7%"}
{"timestamp":"2025-12-11T15:33:37.603758702Z","level":"INFO","component":"Report","message":"Packet sent: map[seqNum:29290 type:MSG_REPORT]"}
{"timestamp":"2025-12-11T15:33:38.606318516Z","level":"INFO","component":"Report","message":"Packet sent: map[seqNum:29318 type:MSG_REPORT]"}
{"timestamp":"2025-12-11T15:33:39.489938216Z","level":"WARN","component":"Battery","message":"Low battery level: 6%"}
{"timestamp":"2025-12-11T15:33:39.49016426Z","level":"INFO","component":"Telemetry","message":"Telemetry sent: Position=(-0.793186, -0.425611), Speed=1.68, State=1, Battery=6%"}
{"timestamp":"2025-12-11T15:33:39.60397013Z","level":"INFO","component":"Report","message":"Packet sent: map[seqNum:29346 type:MSG_REPORT]"}
{"timestamp":"2025-12-11T15:33:40.606019869Z","level":"INFO","component":"Report","message":"Packet sent: map[seqNum:29374 type:MSG_REPORT]"}
{"timestamp":"2025-12-11T15:33:41.49175245Z","level":"INFO","component":"Telemetry","message":"Telemetry sent: Position=(-0.793186, -0.425611), Speed=3.08, State=1, Battery=5%"}
{"timestamp":"2025-12-11T15:33:41.603107435Z","level":"INFO","component":"Report","message":"Packet sent: map[seqNum:29402 type:MSG_REPORT]"}
{"timestamp":"2025-12-11T15:33:42.605888985Z","level":"WARN","component":"Battery","message":"Battery critical during mission! Aborting mission 3"}
{"timestamp":"2025-12-11T15:33:42.605958796Z","level":"WARN","component":"Battery","message":"Rover suspended - Battery: 4%"}
{"timestamp":"2025-12-11T15:33:43.491982232Z","level":"INFO","component":"Telemetry","message":"Telemetry sent: Position=(-0.793186, -0.425611), Speed=4.94, State=1, Battery=4%"}
{"timestamp":"2025-12-11T15:33:44.492362662Z","level":"WARN","component":"Battery","message":"Low battery level: 6%"}
{"timestamp":"2025-12-11T15:33:45.492712133Z","level":"INFO","component":"Telemetry","message":"Telemetry sent: Position=(-0.793186, -0.425611), Speed=3.17, State=1, Battery=7%"}
{"timestamp":"2025-12-11T15:33:47.492017643Z","level":"INFO","component":"Telemetry","message":"Telemetry sent: Position=(-0.793186, -0.425611), Speed=2.99, State=1, Battery=11%"}
{"timestamp":"2025-12-11T15:33:49.490945485Z","level":"WARN","component":"Battery","message":"Low battery level: 14%"}
{"timestamp":"2025-12-11T15:33:49.491118069Z","level":"INFO","component":"Telemetry","message":"Telemetry sent: Position=(-0.793186, -0.425611), Speed=2.84, State=1, Battery=14%"}
{"timestamp":"2025-12-11T15:33:51.492083501Z","level":"INFO","component":"Telemetry","message":"Telemetry sent: Position=(-0.793186, -0.425611), Speed=4.51, State=1, Battery=17%"}
{"timestamp":"2025-12-11T15:33:52.60695235Z","level":"INFO","component":"Battery","message":"Charging... Battery: 20%"}
{"timestamp":"2025-12-11T15:33:53.491982043Z","level":"INFO","component":"Telemetry","message":"Telemetry sent: Position=(-0.793186, -0.425611), Speed=3.98, State=1, Battery=20%"}
{"timestamp":"2025-12-11T15:33:55.491974101Z","level":"INFO","component":"Telemetry","message":"Telemetry sent: Position=(-0.793186, -0.425611), Speed=3.21, State=1, Battery=22%"}
{"timestamp":"2025-12-11T15:33:57.492476444Z","level":"INFO","component":"Telemetry","message":"Telemetry sent: Position=(-0.793186, -0.425611), Speed=4.98, State=1, Battery=26%"}
{"timestamp":"2025-12-11T15:33:59.49106999Z","level":"INFO","component":"Telemetry","message":"Telemetry sent: Position=(-0.793186, -0.425611), Speed=3.90, State=1, Battery=29%"}
{"timestamp":"2025-12-11T15:33:59.606787744Z","level":"INFO","component":"Battery","message":"Charging... Battery: 30%"}
{"timestamp":"2025-12-11T15:34:01.492073433Z","level":"INFO","component":"Telemetry","message":"Telemetry sent: Position=(-0.793186, -0.425611), Speed=4.34, State=1, Battery=32%"}
{"timestamp":"2025-12-11T15:34:03.491989609Z","level":"INFO","component":"Telemetry","message":"Telemetry sent: Position=(-0.793186, -0.425611), Speed=0.67, State=1, Battery=35%"}
{"timestamp":"2025-12-11T15:34:05.492384672Z","level":"INFO","component":"Telemetry","message":"Telemetry sent: Position=(-0.793186, -0.425611), Speed=0.51, State=1, Battery=38%"}
{"timestamp":"2025-12-11T15:34:05.607021549Z","level":"INFO","component":"Battery","message":"Charging... Battery: 40%"}
{"timestamp":"2025-12-11T15:34:07.492143021Z","level":"INFO","component":"Telemetry","message":"Telemetry sent: Position=(-0.793186, -0.425611), Speed=3.02, State=1, Battery=41%"}
{"timestamp":"2025-12-11T15:34:09.491048241Z","level":"INFO","component":"Telemetry","message":"Telemetry sent: Position=(-0.793186, -0.425611), Speed=2.44, State=1, Battery=44%"}
{"timestamp":"2025-12-11T15:34:11.492016308Z","level":"INFO","component":"Telemetry","message":"Telemetry sent: Position=(-0.793186, -0.425611), Speed=4.75, State=1, Battery=47%"}
{"timestamp":"2025-12-11T15:34:13.492019877Z","level":"INFO","component":"Telemetry","message":"Telemetry sent: Position=(-0.793186, -0.425611), Speed=3.53, State=1, Battery=49%"}
{"timestamp":"2025-12-11T15:34:15.492443443Z","level":"INFO","component":"Telemetry","message":"Telemetry sent: Position=(-0.793186, -0.425611), Speed=4.17, State=1, Battery=52%"}
{"timestamp":"2025-12-11T15:34:17.492027615Z","level":"INFO","component":"Telemetry","message":"Telemetry sent: Position=(-0.793186, -0.425611), Speed=1.24, State=1, Battery=56%"}
{"timestamp":"2025-12-11T15:34:19.491057525Z","level":"INFO","component":"Telemetry","message":"Telemetry sent: Position=(-0.793186, -0.425611), Speed=3.84, State=1, Battery=59%"}
{"timestamp":"2025-12-11T15:34:19.606883163Z","level":"INFO","component":"Battery","message":"Charging... Battery: 60%"}
{"timestamp":"2025-12-11T15:34:21.492180542Z","level":"INFO","component":"Telemetry","message":"Telemetry sent: Position=(-0.793186, -0.425611), Speed=4.59, State=1, Battery=62%"}
{"timestamp":"2025-12-11T15:34:23.492005165Z","level":"INFO","component":"Telemetry","message":"Telemetry sent: Position=(-0.793186, -0.425611), Speed=0.25, State=1, Battery=65%"}
{"timestamp":"2025-12-11T15:34:25.492075949Z","level":"INFO","component":"Telemetry","message":"Telemetry sent: Position=(-0.793186, -0.425611), Speed=4.34, State=1, Battery=68%"}
{"timestamp":"2025-12-11T15:34:25.606831701Z","level":"INFO","component":"Battery","message":"Charging... Battery: 70%"}
{"timestamp":"2025-12-11T15:34:27.492062285Z","level":"INFO","component":"Telemetry","message":"Telemetry sent: Position=(-0.793186, -0.425611), Speed=0.99, State=1, Battery=72%"}
{"timestamp":"2025-12-11T15:34:29.491015032Z","level":"INFO","component":"Telemetry","message":"Telemetry sent: Position=(-0.793186, -0.425611), Speed=4.45, State=1, Battery=75%"}
{"timestamp":"2025-12-11T15:34:31.491962591Z","level":"INFO","component":"Telemetry","message":"Telemetry sent: Position=(-0.793186, -0.425611), Speed=2.43, State=1, Battery=78%"}
{"timestamp":"2025-12-11T15:34:33.49203041Z","level":"INFO","component":"Telemetry","message":"Telemetry sent: Position=(-0.793186, -0.425611), Speed=0.48, State=1, Battery=81%"}
{"timestamp":"2025-12-11T15:34:35.492070927Z","level":"INFO","component":"Telemetry","message":"Telemetry sent: Position=(-0.793186, -0.425611), Speed=0.22, State=1, Battery=84%"}
{"timestamp":"2025-12-11T15:34:37.492021857Z","level":"INFO","component":"Telemetry","message":"Telemetry sent: Position=(-0.793186, -0.425611), Speed=1.04, State=1, Battery=88%"}
{"timestamp":"2025-12-11T15:34:38.606917627Z","level":"INFO","component":"Battery","message":"Battery recharged to 91%"}
{"timestamp":"2025-12-11T15:34:38.607045667Z","level":"INFO","component":"Battery","message":"Battery recharged. Resuming mission 3"}
{"timestamp":"2025-12-11T15:34:38.607120948Z","level":"INFO","component":"Mission","message":"Dequeued mission 2 from Priority 3 queue"}
{"timestamp":"2025-12-11T15:34:38.607156435Z","level":"INFO","component":"Mission","message":"Mission 2 received: TaskType=1"}
{"timestamp":"2025-12-11T15:34:38.607194857Z","level":"INFO","component":"Movement","message":"Moving to coordinates (0.5235, -0.8212)"}
{"timestamp":"2025-12-11T15:34:38.607232578Z","level":"INFO","component":"Movement","message":"Starting movement","metadata":{"distance":1.3747959712975573,"targetLat":0.523456,"targetLon":-0.821234}}
{"timestamp":"2025-12-11T15:34:38.607326544Z","level":"INFO","component":"Movement","message":"Estimated travel time: 27.50s"}
{"timestamp":"2025-12-11T15:34:38.607408338Z","level":"INFO","component":"Report","message":"Packet sent: map[seqNum:29430 type:MSG_REPORT]"}
{"timestamp":"2025-12-11T15:34:39.490126373Z","level":"INFO","component":"Telemetry","message":"Telemetry sent: Position=(-0.745301, -0.440000), Speed=1.88, State=1, Battery=88%"}
{"timestamp":"2025-12-11T15:34:41.491970434Z","level":"INFO","component":"Telemetry","message":"Telemetry sent: Position=(-0.649531, -0.468777), Speed=1.26, State=1, Battery=85%"}
{"timestamp":"2025-12-11T15:34:43.492003687Z","level":"INFO","component":"Telemetry","message":"Telemetry sent: Position=(-0.553761, -0.497553), Speed=2.57, State=1, Battery=82%"}
{"timestamp":"2025-12-11T15:34:45.492033775Z","level":"INFO","component":"Telemetry","message":"Telemetry sent: Position=(-0.457991, -0.526330), Speed=2.68, State=1, Battery=79%"}
{"timestamp":"2025-12-11T15:34:47.492017596Z","level":"INFO","component":"Telemetry","message":"Telemetry sent: Position=(-0.362221, -0.555107), Speed=1.15, State=1, Battery=76%"}
{"timestamp":"2025-12-11T15:34:47.620645189Z","level":"INFO","component":"Movement","message":"Movement progress","metadata":{"lat":-0.31433615980822904,"lon":-0.5694954682606195,"remainingDistance":0.9247959712975571,"step":10}}
{"timestamp":"2025-12-11T15:34:49.492013912Z","level":"INFO","component":"Telemetry","message":"Telemetry sent: Position=(-0.266451, -0.583884), Speed=3.61, State=1, Battery=73%"}
{"timestamp":"2025-12-11T15:34:51.492002371Z","level":"INFO","component":"Telemetry","message":"Telemetry sent: Position=(-0.170681, -0.612661), Speed=4.87, State=1, Battery=70%"}
{"timestamp":"2025-12-11T15:34:53.491997953Z","level":"INFO","component":"Telemetry","message":"Telemetry sent: Position=(-0.074911, -0.641438), Speed=1.39, State=1, Battery=67%"}
{"timestamp":"2025-12-11T15:34:55.492014254Z","level":"INFO","component":"Telemetry","message":"Telemetry sent: Position=(0.020859, -0.670214), Speed=0.50, State=1, Battery=64%"}
{"timestamp":"2025-12-11T15:34:57.492035255Z","level":"INFO","component":"Telemetry","message":"Telemetry sent: Position=(0.116629, -0.698991), Speed=1.29, State=1, Battery=61%"}
{"timestamp":"2025-12-11T15:34:57.639877241Z","level":"INFO","component":"Movement","message":"Movement progress","metadata":{"lat":0.16451387339754728,"lon":-0.7133796081052421,"remainingDistance":0.4247959712975571,"step":20}}
{"timestamp":"2025-12-11T15:34:59.492092584Z","level":"INFO","component":"Telemetry","message":"Telemetry sent: Position=(0.212399, -0.727768), Speed=1.88, State=1, Battery=58%"}
{"timestamp":"2025-12-11T15:35:01.492064884Z","level":"INFO","component":"Telemetry","message":"Telemetry sent: Position=(0.308169, -0.756545), Speed=2.32, State=1, Battery=55%"}
{"timestamp":"2025-12-11T15:35:03.491948838Z","level":"INFO","component":"Telemetry","message":"Telemetry sent: Position=(0.403939, -0.785322), Speed=4.60, State=1, Battery=52%"}
{"timestamp":"2025-12-11T15:35:05.48897975Z","level":"INFO","component":"Telemetry","message":"Telemetry sent: Position=(0.499709, -0.814099), Speed=4.40, State=1, Battery=49%"}
