{"timestamp":"2025-12-10T22:00:16.474801799Z","level":"INFO","component":"Rover","message":"Rover 5 initialized with update frequency 2"}
{"timestamp":"2025-12-10T22:00:16.475253776Z","level":"INFO","component":"Mission","message":"Requesting 3 missions from mothership"}
{"timestamp":"2025-12-10T22:00:16.475366667Z","level":"INFO","component":"Request","message":"Packet sent: map[seqNum:0 type:MSG_REQUEST]"}
{"timestamp":"2025-12-10T22:00:17.47588717Z","level":"INFO","component":"PacketHandler","message":"ACK sent: map[ackNum:27]"}
{"timestamp":"2025-12-10T22:00:17.475969274Z","level":"INFO","component":"Mission","message":"Mission 13 added to Priority 2 queue"}
{"timestamp":"2025-12-10T22:00:17.475978351Z","level":"INFO","component":"PacketHandler","message":"ACK sent: map[ackNum:54]"}
{"timestamp":"2025-12-10T22:00:17.476101251Z","level":"INFO","component":"Mission","message":"Mission 14 added to Priority 3 queue"}
{"timestamp":"2025-12-10T22:00:18.677452169Z","level":"INFO","component":"PacketHandler","message":"ACK sent: map[ackNum:81]"}
{"timestamp":"2025-12-10T22:00:18.677548259Z","level":"INFO","component":"PacketHandler","message":"ACK sent: map[ackNum:54]"}
{"timestamp":"2025-12-10T22:00:18.677453883Z","level":"INFO","component":"Mission","message":"Mission 15 added to Priority 2 queue"}
{"timestamp":"2025-12-10T22:00:18.677656612Z","level":"INFO","component":"Mission","message":"Dequeued mission 13 from Priority 2 queue"}
{"timestamp":"2025-12-10T22:00:18.677674155Z","level":"INFO","component":"Mission","message":"Mission 13 received: TaskType=2"}
{"timestamp":"2025-12-10T22:00:18.67769294Z","level":"INFO","component":"Movement","message":"Moving to coordinates (0.6346, -0.8239)"}
{"timestamp":"2025-12-10T22:00:18.67770867Z","level":"INFO","component":"Movement","message":"Starting movement","metadata":{"distance":1.0408801445363438,"targetLat":0.634567,"targetLon":-0.823901}}
{"timestamp":"2025-12-10T22:00:18.677750929Z","level":"INFO","component":"Movement","message":"Estimated travel time: 20.82s"}
{"timestamp":"2025-12-10T22:00:20.525182415Z","level":"INFO","component":"Telemetry","message":"Telemetry sent: Position=(0.065484, -0.074635), Speed=0.48, State=1, Battery=97%"}
{"timestamp":"2025-12-10T22:00:22.5253849Z","level":"INFO","component":"Telemetry","message":"Telemetry sent: Position=(0.125968, -0.154269), Speed=1.62, State=1, Battery=94%"}
{"timestamp":"2025-12-10T22:00:24.525360249Z","level":"INFO","component":"Telemetry","message":"Telemetry sent: Position=(0.186452, -0.233904), Speed=4.66, State=1, Battery=91%"}
{"timestamp":"2025-12-10T22:00:26.522416921Z","level":"INFO","component":"Telemetry","message":"Telemetry sent: Position=(0.246936, -0.313539), Speed=2.35, State=1, Battery=88%"}
{"timestamp":"2025-12-10T22:00:27.694093145Z","level":"INFO","component":"Movement","message":"Movement progress","metadata":{"lat":0.30742050600381,"lon":-0.3931731250956039,"remainingDistance":0.5908801445363439,"step":10}}
{"timestamp":"2025-12-10T22:00:28.525100483Z","level":"INFO","component":"Telemetry","message":"Telemetry sent: Position=(0.307421, -0.393173), Speed=0.89, State=1, Battery=85%"}
{"timestamp":"2025-12-10T22:00:30.525155392Z","level":"INFO","component":"Telemetry","message":"Telemetry sent: Position=(0.367905, -0.472808), Speed=3.40, State=1, Battery=82%"}
{"timestamp":"2025-12-10T22:00:32.525135099Z","level":"INFO","component":"Telemetry","message":"Telemetry sent: Position=(0.428389, -0.552442), Speed=0.14, State=1, Battery=79%"}
{"timestamp":"2025-12-10T22:00:34.525167976Z","level":"INFO","component":"Telemetry","message":"Telemetry sent: Position=(0.488873, -0.632077), Speed=1.98, State=1, Battery=76%"}
{"timestamp":"2025-12-10T22:00:36.52232752Z","level":"INFO","component":"Telemetry","message":"Telemetry sent: Position=(0.549357, -0.711712), Speed=2.04, State=1, Battery=73%"}
{"timestamp":"2025-12-10T22:00:37.714083432Z","level":"INFO","component":"Movement","message":"Movement progress","metadata":{"lat":0.6098410120076199,"lon":-0.7913462501912079,"remainingDistance":0.09088014453634395,"step":20}}
{"timestamp":"2025-12-10T22:00:38.52522289Z","level":"INFO","component":"Telemetry","message":"Telemetry sent: Position=(0.609841, -0.791346), Speed=4.37, State=1, Battery=70%"}
{"timestamp":"2025-12-10T22:00:39.719119382Z","level":"INFO","component":"Movement","message":"Arrived at destination (remaining distance: 0.0091)"}
{"timestamp":"2025-12-10T22:00:39.719199422Z","level":"INFO","component":"Movement","message":"Movement completed","metadata":{"actualTime":21.041432584,"battery":68,"estimatedTime":20.817602890726874}}
{"timestamp":"2025-12-10T22:00:39.719256499Z","level":"INFO","component":"Movement","message":"Arrived at destination. Starting task"}
{"timestamp":"2025-12-10T22:00:40.525145981Z","level":"INFO","component":"Telemetry","message":"Telemetry sent: Position=(0.640083, -0.831164), Speed=3.67, State=1, Battery=68%"}
{"timestamp":"2025-12-10T22:00:42.525161375Z","level":"INFO","component":"Telemetry","message":"Telemetry sent: Position=(0.640083, -0.831164), Speed=0.09, State=1, Battery=67%"}
{"timestamp":"2025-12-10T22:00:44.524473101Z","level":"INFO","component":"Telemetry","message":"Telemetry sent: Position=(0.640083, -0.831164), Speed=0.70, State=1, Battery=66%"}
{"timestamp":"2025-12-10T22:00:46.522479562Z","level":"INFO","component":"Telemetry","message":"Telemetry sent: Position=(0.640083, -0.831164), Speed=3.16, State=1, Battery=65%"}
{"timestamp":"2025-12-10T22:00:48.525260497Z","level":"INFO","component":"Telemetry","message":"Telemetry sent: Position=(0.640083, -0.831164), Speed=2.40, State=1, Battery=64%"}
{"timestamp":"2025-12-10T22:00:50.525111122Z","level":"INFO","component":"Telemetry","message":"Telemetry sent: Position=(0.640083, -0.831164), Speed=4.30, State=1, Battery=64%"}
{"timestamp":"2025-12-10T22:00:52.525237705Z","level":"INFO","component":"Telemetry","message":"Telemetry sent: Position=(0.640083, -0.831164), Speed=2.69, State=1, Battery=63%"}
{"timestamp":"2025-12-10T22:00:53.724263587Z","level":"INFO","component":"Report","message":"Packet sent: map[seqNum:1 type:MSG_REPORT]"}
{"timestamp":"2025-12-10T22:00:54.525356924Z","level":"INFO","component":"Telemetry","message":"Telemetry sent: Position=(0.640083, -0.831164), Speed=2.21, State=1, Battery=62%"}
{"timestamp":"2025-12-10T22:00:56.522408075Z","level":"INFO","component":"Telemetry","message":"Telemetry sent: Position=(0.640083, -0.831164), Speed=3.18, State=1, Battery=61%"}
{"timestamp":"2025-12-10T22:00:56.726412206Z","level":"WARN","component":"Report","message":"Timeout, retransmitting: map[retry:1 rto:3.001513357s seq:1]"}
{"timestamp":"2025-12-10T22:00:58.52514615Z","level":"INFO","component":"Telemetry","message":"Telemetry sent: Position=(0.640083, -0.831164), Speed=0.22, State=1, Battery=60%"}
{"timestamp":"2025-12-10T22:01:00.525264387Z","level":"INFO","component":"Telemetry","message":"Telemetry sent: Position=(0.640083, -0.831164), Speed=2.66, State=1, Battery=59%"}
{"timestamp":"2025-12-10T22:01:02.525105444Z","level":"INFO","component":"Telemetry","message":"Telemetry sent: Position=(0.640083, -0.831164), Speed=3.64, State=1, Battery=59%"}
{"timestamp":"2025-12-10T22:01:04.52521229Z","level":"INFO","component":"Telemetry","message":"Telemetry sent: Position=(0.640083, -0.831164), Speed=2.56, State=1, Battery=58%"}
{"timestamp":"2025-12-10T22:01:06.521721966Z","level":"INFO","component":"Telemetry","message":"Telemetry sent: Position=(0.640083, -0.831164), Speed=3.12, State=1, Battery=57%"}
{"timestamp":"2025-12-10T22:01:07.723848076Z","level":"INFO","component":"Report","message":"Packet sent: map[seqNum:29 type:MSG_REPORT]"}
{"timestamp":"2025-12-10T22:01:08.524118211Z","level":"INFO","component":"Telemetry","message":"Telemetry sent: Position=(0.640083, -0.831164), Speed=4.82, State=1, Battery=56%"}
{"timestamp":"2025-12-10T22:01:10.227108193Z","level":"WARN","component":"Report","message":"Timeout, retransmitting: map[retry:1 rto:2.501326561s seq:29]"}
{"timestamp":"2025-12-10T22:01:10.522125954Z","level":"INFO","component":"Telemetry","message":"Telemetry sent: Position=(0.640083, -0.831164), Speed=2.34, State=1, Battery=56%"}
{"timestamp":"2025-12-10T22:01:12.52516908Z","level":"INFO","component":"Telemetry","message":"Telemetry sent: Position=(0.640083, -0.831164), Speed=1.77, State=1, Battery=55%"}
{"timestamp":"2025-12-10T22:01:14.525113832Z","level":"INFO","component":"Telemetry","message":"Telemetry sent: Position=(0.640083, -0.831164), Speed=2.75, State=1, Battery=54%"}
{"timestamp":"2025-12-10T22:01:16.522420992Z","level":"INFO","component":"Telemetry","message":"Telemetry sent: Position=(0.640083, -0.831164), Speed=3.47, State=1, Battery=53%"}
{"timestamp":"2025-12-10T22:01:18.524601112Z","level":"INFO","component":"Telemetry","message":"Telemetry sent: Position=(0.640083, -0.831164), Speed=0.50, State=1, Battery=52%"}
{"timestamp":"2025-12-10T22:01:20.525116223Z","level":"INFO","component":"Telemetry","message":"Telemetry sent: Position=(0.640083, -0.831164), Speed=4.98, State=1, Battery=51%"}
{"timestamp":"2025-12-10T22:01:21.719915647Z","level":"INFO","component":"Report","message":"Packet sent: map[seqNum:57 type:MSG_REPORT]"}
{"timestamp":"2025-12-10T22:01:22.52503729Z","level":"INFO","component":"Telemetry","message":"Telemetry sent: Position=(0.640083, -0.831164), Speed=3.38, State=1, Battery=51%"}
{"timestamp":"2025-12-10T22:01:24.524475433Z","level":"INFO","component":"Telemetry","message":"Telemetry sent: Position=(0.640083, -0.831164), Speed=4.69, State=1, Battery=50%"}
{"timestamp":"2025-12-10T22:01:26.522191229Z","level":"INFO","component":"Telemetry","message":"Telemetry sent: Position=(0.640083, -0.831164), Speed=0.24, State=1, Battery=49%"}
{"timestamp":"2025-12-10T22:01:28.525196254Z","level":"INFO","component":"Telemetry","message":"Telemetry sent: Position=(0.640083, -0.831164), Speed=3.88, State=1, Battery=48%"}
{"timestamp":"2025-12-10T22:01:30.525119315Z","level":"INFO","component":"Telemetry","message":"Telemetry sent: Position=(0.640083, -0.831164), Speed=2.60, State=1, Battery=47%"}
{"timestamp":"2025-12-10T22:01:32.525330246Z","level":"INFO","component":"Telemetry","message":"Telemetry sent: Position=(0.640083, -0.831164), Speed=4.47, State=1, Battery=46%"}
{"timestamp":"2025-12-10T22:01:34.52536709Z","level":"INFO","component":"Telemetry","message":"Telemetry sent: Position=(0.640083, -0.831164), Speed=3.68, State=1, Battery=45%"}
{"timestamp":"2025-12-10T22:01:35.723491083Z","level":"INFO","component":"Report","message":"Packet sent: map[seqNum:85 type:MSG_REPORT]"}
{"timestamp":"2025-12-10T22:01:36.5225243Z","level":"INFO","component":"Telemetry","message":"Telemetry sent: Position=(0.640083, -0.831164), Speed=4.56, State=1, Battery=45%"}
{"timestamp":"2025-12-10T22:01:38.524867635Z","level":"INFO","component":"Telemetry","message":"Telemetry sent: Position=(0.640083, -0.831164), Speed=1.88, State=1, Battery=44%"}
{"timestamp":"2025-12-10T22:01:40.52354885Z","level":"INFO","component":"Telemetry","message":"Telemetry sent: Position=(0.640083, -0.831164), Speed=1.64, State=1, Battery=43%"}
{"timestamp":"2025-12-10T22:01:42.524770975Z","level":"INFO","component":"Telemetry","message":"Telemetry sent: Position=(0.640083, -0.831164), Speed=3.77, State=1, Battery=42%"}
{"timestamp":"2025-12-10T22:01:44.525121808Z","level":"INFO","component":"Telemetry","message":"Telemetry sent: Position=(0.640083, -0.831164), Speed=1.48, State=1, Battery=41%"}
{"timestamp":"2025-12-10T22:01:46.522410614Z","level":"INFO","component":"Telemetry","message":"Telemetry sent: Position=(0.640083, -0.831164), Speed=2.06, State=1, Battery=40%"}
{"timestamp":"2025-12-10T22:01:48.524155117Z","level":"INFO","component":"Telemetry","message":"Telemetry sent: Position=(0.640083, -0.831164), Speed=3.86, State=1, Battery=39%"}
{"timestamp":"2025-12-10T22:01:49.724157349Z","level":"INFO","component":"Report","message":"Packet sent: map[seqNum:113 type:MSG_REPORT]"}
{"timestamp":"2025-12-10T22:01:50.525110683Z","level":"INFO","component":"Telemetry","message":"Telemetry sent: Position=(0.640083, -0.831164), Speed=1.52, State=1, Battery=38%"}
{"timestamp":"2025-12-10T22:01:52.524126174Z","level":"INFO","component":"Telemetry","message":"Telemetry sent: Position=(0.640083, -0.831164), Speed=3.63, State=1, Battery=38%"}
{"timestamp":"2025-12-10T22:01:54.525122596Z","level":"INFO","component":"Telemetry","message":"Telemetry sent: Position=(0.640083, -0.831164), Speed=2.52, State=1, Battery=37%"}
{"timestamp":"2025-12-10T22:01:56.522231595Z","level":"INFO","component":"Telemetry","message":"Telemetry sent: Position=(0.640083, -0.831164), Speed=0.09, State=1, Battery=36%"}
{"timestamp":"2025-12-10T22:01:58.524114588Z","level":"INFO","component":"Telemetry","message":"Telemetry sent: Position=(0.640083, -0.831164), Speed=2.18, State=1, Battery=35%"}
{"timestamp":"2025-12-10T22:02:00.525111201Z","level":"INFO","component":"Telemetry","message":"Telemetry sent: Position=(0.640083, -0.831164), Speed=3.14, State=1, Battery=34%"}
{"timestamp":"2025-12-10T22:02:02.524860426Z","level":"INFO","component":"Telemetry","message":"Telemetry sent: Position=(0.640083, -0.831164), Speed=1.15, State=1, Battery=33%"}
{"timestamp":"2025-12-10T22:02:03.724189376Z","level":"INFO","component":"Report","message":"Packet sent: map[seqNum:141 type:MSG_REPORT]"}
{"timestamp":"2025-12-10T22:02:04.524636061Z","level":"INFO","component":"Telemetry","message":"Telemetry sent: Position=(0.640083, -0.831164), Speed=1.06, State=1, Battery=33%"}
{"timestamp":"2025-12-10T22:02:04.720178159Z","level":"INFO","component":"Mission","message":"Dequeued mission 15 from Priority 2 queue"}
{"timestamp":"2025-12-10T22:02:04.720249142Z","level":"INFO","component":"Mission","message":"Mission 15 received: TaskType=5"}
{"timestamp":"2025-12-10T22:02:04.720270252Z","level":"INFO","component":"Movement","message":"Moving to coordinates (0.1235, 0.9226)"}
{"timestamp":"2025-12-10T22:02:04.7202852Z","level":"INFO","component":"Movement","message":"Starting movement","metadata":{"distance":1.8282435309251677,"targetLat":0.123456,"targetLon":0.922567}}
{"timestamp":"2025-12-10T22:02:04.720310076Z","level":"INFO","component":"Movement","message":"Estimated travel time: 36.56s"}
{"timestamp":"2025-12-10T22:02:04.720315857Z","level":"INFO","component":"Report","message":"Packet sent: map[seqNum:169 type:MSG_REPORT]"}
{"timestamp":"2025-12-10T22:02:05.201098628Z","level":"WARN","component":"Report","message":"Timeout, retransmitting: map[retry:1 rto:1.475570654s seq:141]"}
{"timestamp":"2025-12-10T22:02:06.521679728Z","level":"INFO","component":"Telemetry","message":"Telemetry sent: Position=(0.611825, -0.735239), Speed=2.27, State=1, Battery=28%"}
{"timestamp":"2025-12-10T22:02:08.525182516Z","level":"INFO","component":"Telemetry","message":"Telemetry sent: Position=(0.583567, -0.639315), Speed=2.10, State=1, Battery=25%"}
{"timestamp":"2025-12-10T22:02:10.524815333Z","level":"INFO","component":"Telemetry","message":"Telemetry sent: Position=(0.555309, -0.543391), Speed=2.03, State=1, Battery=22%"}
{"timestamp":"2025-12-10T22:02:11.478120842Z","level":"WARN","component":"Battery","message":"Low battery level: 20%"}
{"timestamp":"2025-12-10T22:02:12.525111358Z","level":"INFO","component":"Telemetry","message":"Telemetry sent: Position=(0.527051, -0.447466), Speed=3.55, State=1, Battery=19%"}
{"timestamp":"2025-12-10T22:02:13.737100775Z","level":"INFO","component":"Movement","message":"Movement progress","metadata":{"lat":0.4987925140926816,"lon":-0.35154185666543813,"remainingDistance":1.378243530925167,"step":10}}
{"timestamp":"2025-12-10T22:02:14.525111952Z","level":"INFO","component":"Telemetry","message":"Telemetry sent: Position=(0.498793, -0.351542), Speed=1.40, State=1, Battery=16%"}
{"timestamp":"2025-12-10T22:02:16.478462487Z","level":"WARN","component":"Battery","message":"Low battery level: 13%"}
{"timestamp":"2025-12-10T22:02:16.521807334Z","level":"INFO","component":"Telemetry","message":"Telemetry sent: Position=(0.470534, -0.255618), Speed=4.12, State=1, Battery=13%"}
{"timestamp":"2025-12-10T22:02:18.524231717Z","level":"INFO","component":"Telemetry","message":"Telemetry sent: Position=(0.442276, -0.159693), Speed=4.15, State=1, Battery=10%"}
{"timestamp":"2025-12-10T22:02:20.524755343Z","level":"INFO","component":"Telemetry","message":"Telemetry sent: Position=(0.414018, -0.063769), Speed=2.27, State=1, Battery=7%"}
{"timestamp":"2025-12-10T22:02:21.478841812Z","level":"ERROR","component":"Battery","message":"Critical battery level: 5%"}
{"timestamp":"2025-12-10T22:02:21.478906082Z","level":"WARN","component":"Battery","message":"Suspending all operations for recharge"}
{"timestamp":"2025-12-10T22:02:21.47893688Z","level":"WARN","component":"Battery","message":"Rover suspended - Battery: 5%"}
{"timestamp":"2025-12-10T22:28:43.458375037Z","level":"INFO","component":"Rover","message":"Rover 5 initialized with update frequency 2"}
{"timestamp":"2025-12-10T22:28:43.459053869Z","level":"INFO","component":"Mission","message":"Requesting 3 missions from mothership"}
{"timestamp":"2025-12-10T22:28:43.459247192Z","level":"INFO","component":"Request","message":"Packet sent: map[seqNum:0 type:MSG_REQUEST]"}
{"timestamp":"2025-12-10T22:28:44.459648673Z","level":"INFO","component":"PacketHandler","message":"ACK sent: map[ackNum:27]"}
{"timestamp":"2025-12-10T22:28:44.459729424Z","level":"INFO","component":"PacketHandler","message":"ACK sent: map[ackNum:27]"}
{"timestamp":"2025-12-10T22:28:44.45967886Z","level":"INFO","component":"Mission","message":"Mission 10 added to Priority 2 queue"}
{"timestamp":"2025-12-10T22:28:44.459815967Z","level":"INFO","component":"PacketHandler","message":"CUMULATIVE ACK - processed buffered packets: map[bufferedCount:1 cumulativeAck:81 originalSeq:27]"}
{"timestamp":"2025-12-10T22:28:44.459927556Z","level":"INFO","component":"Mission","message":"Mission 12 added to Priority 1 queue"}
{"timestamp":"2025-12-10T22:28:44.4600046Z","level":"INFO","component":"PacketHandler","message":"ACK sent: map[ackNum:81]"}
{"timestamp":"2025-12-10T22:28:44.460263095Z","level":"INFO","component":"Mission","message":"Mission 11 added to Priority 1 queue"}
{"timestamp":"2025-12-10T22:28:44.460324009Z","level":"INFO","component":"Mission","message":"Dequeued mission 12 from Priority 1 queue"}
{"timestamp":"2025-12-10T22:28:44.460358454Z","level":"INFO","component":"Mission","message":"Mission 12 received: TaskType=1"}
{"timestamp":"2025-12-10T22:28:44.460399992Z","level":"INFO","component":"Movement","message":"Moving to coordinates (-0.8901, 0.5197)"}
{"timestamp":"2025-12-10T22:28:44.460422203Z","level":"INFO","component":"Movement","message":"Starting movement","metadata":{"distance":1.0325398921170068,"targetLat":-0.890123,"targetLon":0.519678}}
{"timestamp":"2025-12-10T22:28:44.46046292Z","level":"INFO","component":"Movement","message":"Estimated travel time: 20.65s"}
{"timestamp":"2025-12-10T22:28:48.490493209Z","level":"INFO","component":"Telemetry","message":"Telemetry sent: Position=(-0.211728, 0.129615), Speed=4.33, State=1, Battery=93%"}
{"timestamp":"2025-12-10T22:28:50.490381297Z","level":"INFO","component":"Telemetry","message":"Telemetry sent: Position=(-0.298420, 0.179460), Speed=0.94, State=1, Battery=90%"}
{"timestamp":"2025-12-10T22:28:52.489614857Z","level":"INFO","component":"Telemetry","message":"Telemetry sent: Position=(-0.385111, 0.229306), Speed=2.87, State=1, Battery=87%"}
{"timestamp":"2025-12-10T22:28:53.486123952Z","level":"INFO","component":"Movement","message":"Movement progress","metadata":{"lat":-0.4284568605212618,"lon":0.25422911159624084,"remainingDistance":0.5825398921170067,"step":10}}
{"timestamp":"2025-12-10T22:28:54.490732502Z","level":"INFO","component":"Telemetry","message":"Telemetry sent: Position=(-0.471803, 0.279152), Speed=2.94, State=1, Battery=84%"}
{"timestamp":"2025-12-10T22:28:56.49370145Z","level":"INFO","component":"Telemetry","message":"Telemetry sent: Position=(-0.515148, 0.304075), Speed=4.10, State=1, Battery=82%"}
{"timestamp":"2025-12-10T22:28:58.490382976Z","level":"INFO","component":"Telemetry","message":"Telemetry sent: Position=(-0.601840, 0.353921), Speed=4.10, State=1, Battery=79%"}
{"timestamp":"2025-12-10T22:29:46.051253806Z","level":"INFO","component":"Rover","message":"Rover 5 initialized with update frequency 2"}
{"timestamp":"2025-12-10T22:29:46.051905628Z","level":"INFO","component":"Mission","message":"Requesting 3 missions from mothership"}
{"timestamp":"2025-12-10T22:29:46.052057042Z","level":"INFO","component":"Request","message":"Packet sent: map[seqNum:0 type:MSG_REQUEST]"}
{"timestamp":"2025-12-10T22:29:47.0525485Z","level":"INFO","component":"PacketHandler","message":"ACK sent: map[ackNum:27]"}
{"timestamp":"2025-12-10T22:29:47.05266582Z","level":"INFO","component":"Mission","message":"Mission 13 added to Priority 2 queue"}
{"timestamp":"2025-12-10T22:29:47.052714251Z","level":"INFO","component":"PacketHandler","message":"ACK sent: map[ackNum:27]"}
{"timestamp":"2025-12-10T22:29:47.052879792Z","level":"INFO","component":"Mission","message":"Mission 14 added to Priority 3 queue"}
{"timestamp":"2025-12-10T22:29:47.052988535Z","level":"INFO","component":"Mission","message":"Mission 15 added to Priority 2 queue"}
{"timestamp":"2025-12-10T22:29:47.053026226Z","level":"INFO","component":"Mission","message":"Dequeued mission 13 from Priority 2 queue"}
{"timestamp":"2025-12-10T22:29:47.052934995Z","level":"INFO","component":"PacketHandler","message":"CUMULATIVE ACK - processed buffered packets: map[bufferedCount:1 cumulativeAck:81 originalSeq:27]"}
{"timestamp":"2025-12-10T22:29:47.053229918Z","level":"INFO","component":"PacketHandler","message":"ACK sent: map[ackNum:81]"}
{"timestamp":"2025-12-10T22:29:47.053258792Z","level":"INFO","component":"Mission","message":"Mission 13 received: TaskType=2"}
{"timestamp":"2025-12-10T22:29:47.053301703Z","level":"INFO","component":"Movement","message":"Moving to coordinates (0.6346, -0.8239)"}
{"timestamp":"2025-12-10T22:29:47.053318604Z","level":"INFO","component":"Movement","message":"Starting movement","metadata":{"distance":1.0408801445363438,"targetLat":0.634567,"targetLon":-0.823901}}
{"timestamp":"2025-12-10T22:29:47.053360383Z","level":"INFO","component":"Movement","message":"Estimated travel time: 20.82s"}
{"timestamp":"2025-12-10T22:29:48.253739397Z","level":"INFO","component":"PacketHandler","message":"ACK sent: map[ackNum:81]"}
{"timestamp":"2025-12-10T22:29:48.253825429Z","level":"INFO","component":"PacketHandler","message":"ACK sent: map[ackNum:54]"}
{"timestamp":"2025-12-10T22:29:49.055170002Z","level":"INFO","component":"Telemetry","message":"Telemetry sent: Position=(0.065484, -0.074635), Speed=3.65, State=1, Battery=97%"}
{"timestamp":"2025-12-10T22:29:51.056383294Z","level":"INFO","component":"Telemetry","message":"Telemetry sent: Position=(0.125968, -0.154269), Speed=1.94, State=1, Battery=94%"}
{"timestamp":"2025-12-10T22:29:53.05719832Z","level":"INFO","component":"Telemetry","message":"Telemetry sent: Position=(0.186452, -0.233904), Speed=4.58, State=1, Battery=91%"}
{"timestamp":"2025-12-10T22:29:55.056603101Z","level":"INFO","component":"Telemetry","message":"Telemetry sent: Position=(0.246936, -0.313539), Speed=3.28, State=1, Battery=88%"}
{"timestamp":"2025-12-10T22:29:56.069828103Z","level":"INFO","component":"Movement","message":"Movement progress","metadata":{"lat":0.30742050600381,"lon":-0.3931731250956039,"remainingDistance":0.5908801445363439,"step":10}}
{"timestamp":"2025-12-10T22:29:57.05690315Z","level":"INFO","component":"Telemetry","message":"Telemetry sent: Position=(0.307421, -0.393173), Speed=4.74, State=1, Battery=85%"}
{"timestamp":"2025-12-10T22:29:59.05717089Z","level":"INFO","component":"Telemetry","message":"Telemetry sent: Position=(0.367905, -0.472808), Speed=2.96, State=1, Battery=82%"}
{"timestamp":"2025-12-10T22:30:01.056204374Z","level":"INFO","component":"Telemetry","message":"Telemetry sent: Position=(0.428389, -0.552442), Speed=1.94, State=1, Battery=79%"}
{"timestamp":"2025-12-10T22:30:03.056701021Z","level":"INFO","component":"Telemetry","message":"Telemetry sent: Position=(0.488873, -0.632077), Speed=4.35, State=1, Battery=76%"}
{"timestamp":"2025-12-10T22:30:05.056264508Z","level":"INFO","component":"Telemetry","message":"Telemetry sent: Position=(0.549357, -0.711712), Speed=0.06, State=1, Battery=73%"}
{"timestamp":"2025-12-10T22:30:06.08872364Z","level":"INFO","component":"Movement","message":"Movement progress","metadata":{"lat":0.6098410120076199,"lon":-0.7913462501912079,"remainingDistance":0.09088014453634395,"step":20}}
{"timestamp":"2025-12-10T22:30:07.056665416Z","level":"INFO","component":"Telemetry","message":"Telemetry sent: Position=(0.609841, -0.791346), Speed=0.77, State=1, Battery=70%"}
{"timestamp":"2025-12-10T22:30:08.094412041Z","level":"INFO","component":"Movement","message":"Arrived at destination (remaining distance: 0.0091)"}
{"timestamp":"2025-12-10T22:30:08.094561221Z","level":"INFO","component":"Movement","message":"Movement completed","metadata":{"actualTime":21.0411808,"battery":68,"estimatedTime":20.817602890726874}}
{"timestamp":"2025-12-10T22:30:08.09463014Z","level":"INFO","component":"Movement","message":"Arrived at destination. Starting task"}
{"timestamp":"2025-12-10T22:30:09.056471219Z","level":"INFO","component":"Telemetry","message":"Telemetry sent: Position=(0.640083, -0.831164), Speed=2.49, State=1, Battery=68%"}
{"timestamp":"2025-12-10T22:30:11.056098908Z","level":"INFO","component":"Telemetry","message":"Telemetry sent: Position=(0.640083, -0.831164), Speed=0.44, State=1, Battery=67%"}
{"timestamp":"2025-12-10T22:30:13.056367668Z","level":"INFO","component":"Telemetry","message":"Telemetry sent: Position=(0.640083, -0.831164), Speed=0.64, State=1, Battery=66%"}
{"timestamp":"2025-12-10T22:30:15.056496347Z","level":"INFO","component":"Telemetry","message":"Telemetry sent: Position=(0.640083, -0.831164), Speed=4.65, State=1, Battery=65%"}
{"timestamp":"2025-12-10T22:30:17.057027869Z","level":"INFO","component":"Telemetry","message":"Telemetry sent: Position=(0.640083, -0.831164), Speed=1.90, State=1, Battery=64%"}
{"timestamp":"2025-12-10T22:30:19.056148037Z","level":"INFO","component":"Telemetry","message":"Telemetry sent: Position=(0.640083, -0.831164), Speed=3.52, State=1, Battery=64%"}
{"timestamp":"2025-12-10T22:30:21.056381471Z","level":"INFO","component":"Telemetry","message":"Telemetry sent: Position=(0.640083, -0.831164), Speed=3.96, State=1, Battery=63%"}
{"timestamp":"2025-12-10T22:30:22.099796634Z","level":"INFO","component":"Report","message":"Packet sent: map[seqNum:1 type:MSG_REPORT]"}
{"timestamp":"2025-12-10T22:30:23.056112704Z","level":"INFO","component":"Telemetry","message":"Telemetry sent: Position=(0.640083, -0.831164), Speed=4.75, State=1, Battery=62%"}
{"timestamp":"2025-12-10T22:30:25.055138857Z","level":"INFO","component":"Telemetry","message":"Telemetry sent: Position=(0.640083, -0.831164), Speed=4.55, State=1, Battery=61%"}
{"timestamp":"2025-12-10T22:30:27.056154587Z","level":"INFO","component":"Telemetry","message":"Telemetry sent: Position=(0.640083, -0.831164), Speed=0.41, State=1, Battery=60%"}
{"timestamp":"2025-12-10T22:30:29.05668054Z","level":"INFO","component":"Telemetry","message":"Telemetry sent: Position=(0.640083, -0.831164), Speed=1.18, State=1, Battery=59%"}
{"timestamp":"2025-12-10T22:30:31.056093356Z","level":"INFO","component":"Telemetry","message":"Telemetry sent: Position=(0.640083, -0.831164), Speed=0.86, State=1, Battery=59%"}
{"timestamp":"2025-12-10T22:30:33.056141054Z","level":"INFO","component":"Telemetry","message":"Telemetry sent: Position=(0.640083, -0.831164), Speed=3.57, State=1, Battery=58%"}
{"timestamp":"2025-12-10T22:30:35.056665945Z","level":"INFO","component":"Telemetry","message":"Telemetry sent: Position=(0.640083, -0.831164), Speed=4.36, State=1, Battery=57%"}
{"timestamp":"2025-12-10T22:30:36.095415741Z","level":"INFO","component":"Report","message":"Packet sent: map[seqNum:29 type:MSG_REPORT]"}
{"timestamp":"2025-12-10T22:30:37.056169482Z","level":"INFO","component":"Telemetry","message":"Telemetry sent: Position=(0.640083, -0.831164), Speed=1.62, State=1, Battery=56%"}
{"timestamp":"2025-12-10T22:30:39.054026581Z","level":"INFO","component":"Telemetry","message":"Telemetry sent: Position=(0.640083, -0.831164), Speed=4.34, State=1, Battery=55%"}
{"timestamp":"2025-12-10T22:30:41.055865565Z","level":"INFO","component":"Telemetry","message":"Telemetry sent: Position=(0.640083, -0.831164), Speed=3.63, State=1, Battery=54%"}
{"timestamp":"2025-12-10T22:30:43.056163Z","level":"INFO","component":"Telemetry","message":"Telemetry sent: Position=(0.640083, -0.831164), Speed=1.67, State=1, Battery=53%"}
{"timestamp":"2025-12-10T22:30:45.056126268Z","level":"INFO","component":"Telemetry","message":"Telemetry sent: Position=(0.640083, -0.831164), Speed=2.17, State=1, Battery=53%"}
{"timestamp":"2025-12-10T22:30:47.056236021Z","level":"INFO","component":"Telemetry","message":"Telemetry sent: Position=(0.640083, -0.831164), Speed=3.29, State=1, Battery=52%"}
{"timestamp":"2025-12-10T22:30:49.055210215Z","level":"INFO","component":"Telemetry","message":"Telemetry sent: Position=(0.640083, -0.831164), Speed=3.86, State=1, Battery=51%"}
{"timestamp":"2025-12-10T22:30:50.099319098Z","level":"INFO","component":"Report","message":"Packet sent: map[seqNum:57 type:MSG_REPORT]"}
{"timestamp":"2025-12-10T22:30:51.0537095Z","level":"INFO","component":"Telemetry","message":"Telemetry sent: Position=(0.640083, -0.831164), Speed=3.30, State=1, Battery=50%"}
{"timestamp":"2025-12-10T22:30:52.22775754Z","level":"WARN","component":"Report","message":"Timeout, retransmitting: map[retry:1 rto:2.127196861s seq:57]"}
{"timestamp":"2025-12-10T22:30:53.056223351Z","level":"INFO","component":"Telemetry","message":"Telemetry sent: Position=(0.640083, -0.831164), Speed=1.87, State=1, Battery=49%"}
{"timestamp":"2025-12-10T22:30:55.055656295Z","level":"INFO","component":"Telemetry","message":"Telemetry sent: Position=(0.640083, -0.831164), Speed=3.08, State=1, Battery=48%"}
{"timestamp":"2025-12-10T22:30:57.056117829Z","level":"INFO","component":"Telemetry","message":"Telemetry sent: Position=(0.640083, -0.831164), Speed=0.82, State=1, Battery=47%"}
{"timestamp":"2025-12-10T22:30:59.056139708Z","level":"INFO","component":"Telemetry","message":"Telemetry sent: Position=(0.640083, -0.831164), Speed=1.56, State=1, Battery=46%"}
{"timestamp":"2025-12-10T22:31:01.052678717Z","level":"INFO","component":"Telemetry","message":"Telemetry sent: Position=(0.640083, -0.831164), Speed=1.18, State=1, Battery=46%"}
{"timestamp":"2025-12-10T22:31:03.05615905Z","level":"INFO","component":"Telemetry","message":"Telemetry sent: Position=(0.640083, -0.831164), Speed=5.00, State=1, Battery=45%"}
{"timestamp":"2025-12-10T22:31:04.099880166Z","level":"INFO","component":"Report","message":"Packet sent: map[seqNum:85 type:MSG_REPORT]"}
{"timestamp":"2025-12-10T22:31:05.056179807Z","level":"INFO","component":"Telemetry","message":"Telemetry sent: Position=(0.640083, -0.831164), Speed=3.65, State=1, Battery=44%"}
{"timestamp":"2025-12-10T22:31:07.056113419Z","level":"INFO","component":"Telemetry","message":"Telemetry sent: Position=(0.640083, -0.831164), Speed=3.50, State=1, Battery=43%"}
{"timestamp":"2025-12-10T22:31:09.055182342Z","level":"INFO","component":"Telemetry","message":"Telemetry sent: Position=(0.640083, -0.831164), Speed=2.73, State=1, Battery=42%"}
{"timestamp":"2025-12-10T22:31:11.056115318Z","level":"INFO","component":"Telemetry","message":"Telemetry sent: Position=(0.640083, -0.831164), Speed=2.89, State=1, Battery=41%"}
{"timestamp":"2025-12-10T22:31:13.056152527Z","level":"INFO","component":"Telemetry","message":"Telemetry sent: Position=(0.640083, -0.831164), Speed=1.35, State=1, Battery=40%"}
{"timestamp":"2025-12-10T22:31:15.054399337Z","level":"INFO","component":"Telemetry","message":"Telemetry sent: Position=(0.640083, -0.831164), Speed=0.38, State=1, Battery=40%"}
{"timestamp":"2025-12-10T22:31:17.053470322Z","level":"INFO","component":"Telemetry","message":"Telemetry sent: Position=(0.640083, -0.831164), Speed=1.35, State=1, Battery=39%"}
{"timestamp":"2025-12-10T22:31:18.098834539Z","level":"INFO","component":"Report","message":"Packet sent: map[seqNum:113 type:MSG_REPORT]"}
{"timestamp":"2025-12-10T22:31:19.056120688Z","level":"INFO","component":"Telemetry","message":"Telemetry sent: Position=(0.640083, -0.831164), Speed=3.89, State=1, Battery=38%"}
{"timestamp":"2025-12-10T22:31:21.056009838Z","level":"INFO","component":"Telemetry","message":"Telemetry sent: Position=(0.640083, -0.831164), Speed=2.39, State=1, Battery=37%"}
{"timestamp":"2025-12-10T22:31:23.056181849Z","level":"INFO","component":"Telemetry","message":"Telemetry sent: Position=(0.640083, -0.831164), Speed=1.15, State=1, Battery=36%"}
{"timestamp":"2025-12-10T22:31:25.056650705Z","level":"INFO","component":"Telemetry","message":"Telemetry sent: Position=(0.640083, -0.831164), Speed=1.79, State=1, Battery=35%"}
{"timestamp":"2025-12-10T22:31:27.056137894Z","level":"INFO","component":"Telemetry","message":"Telemetry sent: Position=(0.640083, -0.831164), Speed=2.18, State=1, Battery=35%"}
{"timestamp":"2025-12-10T22:31:29.056152238Z","level":"INFO","component":"Telemetry","message":"Telemetry sent: Position=(0.640083, -0.831164), Speed=2.17, State=1, Battery=34%"}
{"timestamp":"2025-12-10T22:31:31.056185548Z","level":"INFO","component":"Telemetry","message":"Telemetry sent: Position=(0.640083, -0.831164), Speed=1.46, State=1, Battery=33%"}
{"timestamp":"2025-12-10T22:31:32.099364398Z","level":"INFO","component":"Report","message":"Packet sent: map[seqNum:141 type:MSG_REPORT]"}
{"timestamp":"2025-12-10T22:31:33.056524982Z","level":"INFO","component":"Telemetry","message":"Telemetry sent: Position=(0.640083, -0.831164), Speed=2.28, State=1, Battery=32%"}
{"timestamp":"2025-12-10T22:31:33.094790702Z","level":"INFO","component":"Mission","message":"Dequeued mission 15 from Priority 2 queue"}
{"timestamp":"2025-12-10T22:31:33.094881813Z","level":"INFO","component":"Mission","message":"Mission 15 received: TaskType=5"}
{"timestamp":"2025-12-10T22:31:33.094910486Z","level":"INFO","component":"Movement","message":"Moving to coordinates (0.1235, 0.9226)"}
{"timestamp":"2025-12-10T22:31:33.094938359Z","level":"INFO","component":"Movement","message":"Starting movement","metadata":{"distance":1.8282435309251677,"targetLat":0.123456,"targetLon":0.922567}}
{"timestamp":"2025-12-10T22:31:33.094989334Z","level":"INFO","component":"Movement","message":"Estimated travel time: 36.56s"}
{"timestamp":"2025-12-10T22:31:33.09494434Z","level":"INFO","component":"Report","message":"Packet sent: map[seqNum:169 type:MSG_REPORT]"}
{"timestamp":"2025-12-10T22:31:33.577499284Z","level":"WARN","component":"Report","message":"Timeout, retransmitting: map[retry:1 rto:1.476409062s seq:141]"}
{"timestamp":"2025-12-10T22:31:34.573594001Z","level":"WARN","component":"Report","message":"Timeout, retransmitting: map[retry:1 rto:1.476409062s seq:169]"}
{"timestamp":"2025-12-10T22:31:35.054545059Z","level":"INFO","component":"Telemetry","message":"Telemetry sent: Position=(0.611825, -0.735239), Speed=4.10, State=1, Battery=27%"}
{"timestamp":"2025-12-10T22:31:37.052537052Z","level":"INFO","component":"Telemetry","message":"Telemetry sent: Position=(0.583567, -0.639315), Speed=4.45, State=1, Battery=25%"}
{"timestamp":"2025-12-10T22:31:39.05688969Z","level":"INFO","component":"Telemetry","message":"Telemetry sent: Position=(0.555309, -0.543391), Speed=3.19, State=1, Battery=22%"}
{"timestamp":"2025-12-10T22:31:41.056022685Z","level":"WARN","component":"Battery","message":"Low battery level: 19%"}
{"timestamp":"2025-12-10T22:31:41.056156907Z","level":"INFO","component":"Telemetry","message":"Telemetry sent: Position=(0.527051, -0.447466), Speed=4.65, State=1, Battery=19%"}
{"timestamp":"2025-12-10T22:31:42.111365849Z","level":"INFO","component":"Movement","message":"Movement progress","metadata":{"lat":0.4987925140926816,"lon":-0.35154185666543813,"remainingDistance":1.378243530925167,"step":10}}
{"timestamp":"2025-12-10T22:31:43.056246873Z","level":"INFO","component":"Telemetry","message":"Telemetry sent: Position=(0.498793, -0.351542), Speed=4.85, State=1, Battery=16%"}
{"timestamp":"2025-12-10T22:31:45.055924547Z","level":"INFO","component":"Telemetry","message":"Telemetry sent: Position=(0.470534, -0.255618), Speed=2.43, State=1, Battery=13%"}
{"timestamp":"2025-12-10T22:31:46.055082096Z","level":"WARN","component":"Battery","message":"Low battery level: 11%"}
{"timestamp":"2025-12-10T22:31:47.056208398Z","level":"INFO","component":"Telemetry","message":"Telemetry sent: Position=(0.442276, -0.159693), Speed=1.51, State=1, Battery=10%"}
{"timestamp":"2025-12-10T22:31:49.056218164Z","level":"INFO","component":"Telemetry","message":"Telemetry sent: Position=(0.414018, -0.063769), Speed=0.46, State=1, Battery=7%"}
{"timestamp":"2025-12-10T22:31:51.05512752Z","level":"INFO","component":"Telemetry","message":"Telemetry sent: Position=(0.385760, 0.032156), Speed=3.31, State=1, Battery=4%"}
{"timestamp":"2025-12-10T22:31:51.055133481Z","level":"ERROR","component":"Battery","message":"Critical battery level: 4%"}
{"timestamp":"2025-12-10T22:31:51.055216006Z","level":"WARN","component":"Battery","message":"Suspending all operations for recharge"}
{"timestamp":"2025-12-10T22:31:51.055240251Z","level":"WARN","component":"Battery","message":"Rover suspended - Battery: 4%"}
{"timestamp":"2025-12-10T22:31:52.126706804Z","level":"INFO","component":"Movement","message":"Movement progress","metadata":{"lat":0.35750196557736286,"lon":0.12807984936989164,"remainingDistance":0.8782435309251674,"step":20}}
{"timestamp":"2025-12-10T22:31:53.056122844Z","level":"INFO","component":"Telemetry","message":"Telemetry sent: Position=(0.357502, 0.128080), Speed=2.60, State=1, Battery=5%"}
{"timestamp":"2025-12-10T22:51:47.803428378Z","level":"INFO","component":"Rover","message":"Rover 5 initialized with update frequency 2"}
{"timestamp":"2025-12-10T22:51:47.803921333Z","level":"INFO","component":"Mission","message":"Requesting 3 missions from mothership"}
{"timestamp":"2025-12-10T22:51:47.804093726Z","level":"INFO","component":"Request","message":"Packet sent: map[seqNum:0 type:MSG_REQUEST]"}
{"timestamp":"2025-12-10T22:51:48.404401533Z","level":"INFO","component":"PacketHandler","message":"ACK sent: map[ackNum:27]"}
{"timestamp":"2025-12-10T22:51:48.404496752Z","level":"INFO","component":"PacketHandler","message":"ACK sent: map[ackNum:54]"}
{"timestamp":"2025-12-10T22:51:48.404526407Z","level":"INFO","component":"PacketHandler","message":"ACK sent: map[ackNum:81]"}
{"timestamp":"2025-12-10T22:51:48.404437881Z","level":"INFO","component":"Mission","message":"Mission 13 added to Priority 2 queue"}
{"timestamp":"2025-12-10T22:51:48.40461872Z","level":"INFO","component":"Mission","message":"Mission 15 added to Priority 2 queue"}
{"timestamp":"2025-12-10T22:51:48.404641513Z","level":"INFO","component":"Mission","message":"Mission 14 added to Priority 3 queue"}
{"timestamp":"2025-12-10T22:51:48.404660529Z","level":"INFO","component":"Mission","message":"Dequeued mission 13 from Priority 2 queue"}
{"timestamp":"2025-12-10T22:51:48.404676879Z","level":"INFO","component":"Mission","message":"Mission 13 received: TaskType=2"}
{"timestamp":"2025-12-10T22:51:48.404699873Z","level":"INFO","component":"Movement","message":"Moving to coordinates (0.6346, -0.8239)"}
{"timestamp":"2025-12-10T22:51:48.404722655Z","level":"INFO","component":"Movement","message":"Starting movement","metadata":{"distance":1.0408801445363438,"targetLat":0.634567,"targetLon":-0.823901}}
{"timestamp":"2025-12-10T22:51:48.40477837Z","level":"INFO","component":"Movement","message":"Estimated travel time: 20.82s"}
{"timestamp":"2025-12-10T22:51:50.40815782Z","level":"INFO","component":"Telemetry","message":"Telemetry sent: Position=(0.095726, -0.114452), Speed=0.55, State=1, Battery=96%"}
{"timestamp":"2025-12-10T22:51:52.408134538Z","level":"INFO","component":"Telemetry","message":"Telemetry sent: Position=(0.125968, -0.154269), Speed=4.12, State=1, Battery=95%"}
{"timestamp":"2025-12-10T22:51:54.405028383Z","level":"INFO","component":"Telemetry","message":"Telemetry sent: Position=(0.186452, -0.233904), Speed=3.90, State=1, Battery=92%"}
{"timestamp":"2025-12-10T22:51:56.408170329Z","level":"INFO","component":"Telemetry","message":"Telemetry sent: Position=(0.246936, -0.313539), Speed=3.84, State=1, Battery=89%"}
{"timestamp":"2025-12-10T22:51:57.423074319Z","level":"INFO","component":"Movement","message":"Movement progress","metadata":{"lat":0.30742050600381,"lon":-0.3931731250956039,"remainingDistance":0.5908801445363439,"step":10}}
{"timestamp":"2025-12-10T22:51:58.406468228Z","level":"INFO","component":"Telemetry","message":"Telemetry sent: Position=(0.307421, -0.393173), Speed=2.79, State=1, Battery=86%"}
{"timestamp":"2025-12-10T22:52:00.408117502Z","level":"INFO","component":"Telemetry","message":"Telemetry sent: Position=(0.367905, -0.472808), Speed=3.84, State=1, Battery=83%"}
{"timestamp":"2025-12-10T22:52:02.405592156Z","level":"INFO","component":"Telemetry","message":"Telemetry sent: Position=(0.428389, -0.552442), Speed=0.24, State=1, Battery=80%"}
{"timestamp":"2025-12-10T22:52:04.407228827Z","level":"INFO","component":"Telemetry","message":"Telemetry sent: Position=(0.488873, -0.632077), Speed=0.16, State=1, Battery=77%"}
{"timestamp":"2025-12-10T22:52:06.408157521Z","level":"INFO","component":"Telemetry","message":"Telemetry sent: Position=(0.549357, -0.711712), Speed=1.78, State=1, Battery=74%"}
{"timestamp":"2025-12-10T22:52:07.440404101Z","level":"INFO","component":"Movement","message":"Movement progress","metadata":{"lat":0.6098410120076199,"lon":-0.7913462501912079,"remainingDistance":0.09088014453634395,"step":20}}
{"timestamp":"2025-12-10T22:52:08.406158634Z","level":"INFO","component":"Telemetry","message":"Telemetry sent: Position=(0.609841, -0.791346), Speed=2.10, State=1, Battery=71%"}
{"timestamp":"2025-12-10T22:52:09.445093417Z","level":"INFO","component":"Movement","message":"Arrived at destination (remaining distance: 0.0091)"}
{"timestamp":"2025-12-10T22:52:09.445170802Z","level":"INFO","component":"Movement","message":"Movement completed","metadata":{"actualTime":21.040376974,"battery":69,"estimatedTime":20.817602890726874}}
{"timestamp":"2025-12-10T22:52:09.445205468Z","level":"INFO","component":"Movement","message":"Arrived at destination. Starting task"}
{"timestamp":"2025-12-10T22:52:10.40646055Z","level":"INFO","component":"Telemetry","message":"Telemetry sent: Position=(0.640083, -0.831164), Speed=3.69, State=1, Battery=69%"}
{"timestamp":"2025-12-10T22:52:12.40793071Z","level":"INFO","component":"Telemetry","message":"Telemetry sent: Position=(0.640083, -0.831164), Speed=1.71, State=1, Battery=68%"}
{"timestamp":"2025-12-10T22:52:14.408132206Z","level":"INFO","component":"Telemetry","message":"Telemetry sent: Position=(0.640083, -0.831164), Speed=0.14, State=1, Battery=67%"}
{"timestamp":"2025-12-10T22:52:16.408657953Z","level":"INFO","component":"Telemetry","message":"Telemetry sent: Position=(0.640083, -0.831164), Speed=4.11, State=1, Battery=66%"}
{"timestamp":"2025-12-10T22:52:18.406426749Z","level":"INFO","component":"Telemetry","message":"Telemetry sent: Position=(0.640083, -0.831164), Speed=2.97, State=1, Battery=65%"}
{"timestamp":"2025-12-10T22:52:20.40889557Z","level":"INFO","component":"Telemetry","message":"Telemetry sent: Position=(0.640083, -0.831164), Speed=4.95, State=1, Battery=64%"}
{"timestamp":"2025-12-10T22:52:22.408584767Z","level":"INFO","component":"Telemetry","message":"Telemetry sent: Position=(0.640083, -0.831164), Speed=0.28, State=1, Battery=64%"}
{"timestamp":"2025-12-10T22:52:23.448451389Z","level":"INFO","component":"Report","message":"Packet sent: map[seqNum:1 type:MSG_REPORT]"}
{"timestamp":"2025-12-10T22:52:24.405120871Z","level":"INFO","component":"Telemetry","message":"Telemetry sent: Position=(0.640083, -0.831164), Speed=2.60, State=1, Battery=63%"}
{"timestamp":"2025-12-10T22:52:26.408126379Z","level":"INFO","component":"Telemetry","message":"Telemetry sent: Position=(0.640083, -0.831164), Speed=2.84, State=1, Battery=62%"}
{"timestamp":"2025-12-10T22:52:28.406955492Z","level":"INFO","component":"Telemetry","message":"Telemetry sent: Position=(0.640083, -0.831164), Speed=4.59, State=1, Battery=61%"}
{"timestamp":"2025-12-10T22:52:30.408334359Z","level":"INFO","component":"Telemetry","message":"Telemetry sent: Position=(0.640083, -0.831164), Speed=3.76, State=1, Battery=60%"}
{"timestamp":"2025-12-10T22:52:32.40812149Z","level":"INFO","component":"Telemetry","message":"Telemetry sent: Position=(0.640083, -0.831164), Speed=3.16, State=1, Battery=59%"}
{"timestamp":"2025-12-10T22:52:34.408359186Z","level":"INFO","component":"Telemetry","message":"Telemetry sent: Position=(0.640083, -0.831164), Speed=1.93, State=1, Battery=58%"}
{"timestamp":"2025-12-10T22:52:36.408119096Z","level":"INFO","component":"Telemetry","message":"Telemetry sent: Position=(0.640083, -0.831164), Speed=3.31, State=1, Battery=58%"}
{"timestamp":"2025-12-10T22:52:37.450177649Z","level":"INFO","component":"Report","message":"Packet sent: map[seqNum:29 type:MSG_REPORT]"}
{"timestamp":"2025-12-10T22:52:38.405247139Z","level":"INFO","component":"Telemetry","message":"Telemetry sent: Position=(0.640083, -0.831164), Speed=1.04, State=1, Battery=57%"}
{"timestamp":"2025-12-10T22:52:40.408254391Z","level":"INFO","component":"Telemetry","message":"Telemetry sent: Position=(0.640083, -0.831164), Speed=2.00, State=1, Battery=56%"}
{"timestamp":"2025-12-10T22:52:42.408436795Z","level":"INFO","component":"Telemetry","message":"Telemetry sent: Position=(0.640083, -0.831164), Speed=1.82, State=1, Battery=55%"}
{"timestamp":"2025-12-10T22:52:44.407113584Z","level":"INFO","component":"Telemetry","message":"Telemetry sent: Position=(0.640083, -0.831164), Speed=3.03, State=1, Battery=54%"}
{"timestamp":"2025-12-10T22:52:46.408211826Z","level":"INFO","component":"Telemetry","message":"Telemetry sent: Position=(0.640083, -0.831164), Speed=1.04, State=1, Battery=53%"}
{"timestamp":"2025-12-10T22:52:48.40635836Z","level":"INFO","component":"Telemetry","message":"Telemetry sent: Position=(0.640083, -0.831164), Speed=3.06, State=1, Battery=53%"}
{"timestamp":"2025-12-10T22:52:50.408194555Z","level":"INFO","component":"Telemetry","message":"Telemetry sent: Position=(0.640083, -0.831164), Speed=0.01, State=1, Battery=52%"}
{"timestamp":"2025-12-10T22:52:51.450172558Z","level":"INFO","component":"Report","message":"Packet sent: map[seqNum:57 type:MSG_REPORT]"}
{"timestamp":"2025-12-10T22:52:52.405398402Z","level":"INFO","component":"Telemetry","message":"Telemetry sent: Position=(0.640083, -0.831164), Speed=1.61, State=1, Battery=51%"}
{"timestamp":"2025-12-10T22:52:54.408684507Z","level":"INFO","component":"Telemetry","message":"Telemetry sent: Position=(0.640083, -0.831164), Speed=1.05, State=1, Battery=50%"}
{"timestamp":"2025-12-10T23:06:20.333547639Z","level":"INFO","component":"Rover","message":"Rover 5 initialized with update frequency 2"}
{"timestamp":"2025-12-10T23:06:20.334166652Z","level":"INFO","component":"Mission","message":"Requesting 3 missions from mothership"}
{"timestamp":"2025-12-10T23:06:20.334320652Z","level":"INFO","component":"Request","message":"Packet sent: map[seqNum:0 type:MSG_REQUEST]"}
{"timestamp":"2025-12-10T23:06:21.335035245Z","level":"INFO","component":"Mission","message":"Mission 13 added to Priority 2 queue"}
{"timestamp":"2025-12-10T23:06:21.335056375Z","level":"INFO","component":"PacketHandler","message":"ACK sent: map[ackNum:27]"}
{"timestamp":"2025-12-10T23:06:21.335192491Z","level":"INFO","component":"PacketHandler","message":"ACK sent: map[ackNum:54]"}
{"timestamp":"2025-12-10T23:06:21.335192571Z","level":"INFO","component":"Mission","message":"Mission 14 added to Priority 3 queue"}
{"timestamp":"2025-12-10T23:06:21.335219351Z","level":"INFO","component":"PacketHandler","message":"ACK sent: map[ackNum:81]"}
{"timestamp":"2025-12-10T23:06:21.335348474Z","level":"INFO","component":"Mission","message":"Mission 15 added to Priority 2 queue"}
{"timestamp":"2025-12-10T23:06:21.335387828Z","level":"INFO","component":"Mission","message":"Dequeued mission 13 from Priority 2 queue"}
{"timestamp":"2025-12-10T23:06:21.335406533Z","level":"INFO","component":"Mission","message":"Mission 13 received: TaskType=2"}
{"timestamp":"2025-12-10T23:06:21.335424807Z","level":"INFO","component":"Movement","message":"Moving to coordinates (0.6346, -0.8239)"}
{"timestamp":"2025-12-10T23:06:21.335445767Z","level":"INFO","component":"Movement","message":"Starting movement","metadata":{"distance":1.0408801445363438,"targetLat":0.634567,"targetLon":-0.823901}}
{"timestamp":"2025-12-10T23:06:21.335482546Z","level":"INFO","component":"Movement","message":"Estimated travel time: 20.82s"}
{"timestamp":"2025-12-10T23:06:24.36175329Z","level":"INFO","component":"Telemetry","message":"Telemetry sent: Position=(0.125968, -0.154269), Speed=4.17, State=1, Battery=94%"}
{"timestamp":"2025-12-10T23:06:26.361751879Z","level":"INFO","component":"Telemetry","message":"Telemetry sent: Position=(0.186452, -0.233904), Speed=4.99, State=1, Battery=91%"}
{"timestamp":"2025-12-10T23:06:28.362285514Z","level":"INFO","component":"Telemetry","message":"Telemetry sent: Position=(0.246936, -0.313539), Speed=1.80, State=1, Battery=88%"}
{"timestamp":"2025-12-10T23:06:30.360337585Z","level":"INFO","component":"Movement","message":"Movement progress","metadata":{"lat":0.30742050600381,"lon":-0.3931731250956039,"remainingDistance":0.5908801445363439,"step":10}}
{"timestamp":"2025-12-10T23:06:30.361437101Z","level":"INFO","component":"Telemetry","message":"Telemetry sent: Position=(0.307421, -0.393173), Speed=3.51, State=1, Battery=85%"}
{"timestamp":"2025-12-10T23:06:32.366151402Z","level":"INFO","component":"Telemetry","message":"Telemetry sent: Position=(0.337663, -0.432990), Speed=1.94, State=1, Battery=83%"}
{"timestamp":"2025-12-10T23:06:34.366239408Z","level":"INFO","component":"Telemetry","message":"Telemetry sent: Position=(0.398147, -0.512625), Speed=4.86, State=1, Battery=80%"}
{"timestamp":"2025-12-10T23:06:36.365109708Z","level":"INFO","component":"Telemetry","message":"Telemetry sent: Position=(0.458631, -0.592260), Speed=4.70, State=1, Battery=78%"}
{"timestamp":"2025-12-10T23:06:38.3663073Z","level":"INFO","component":"Telemetry","message":"Telemetry sent: Position=(0.519115, -0.671894), Speed=1.77, State=1, Battery=75%"}
{"timestamp":"2025-12-10T23:06:40.36249616Z","level":"INFO","component":"Telemetry","message":"Telemetry sent: Position=(0.579599, -0.751529), Speed=3.08, State=1, Battery=72%"}
{"timestamp":"2025-12-10T23:06:40.378722535Z","level":"INFO","component":"Movement","message":"Movement progress","metadata":{"lat":0.6098410120076199,"lon":-0.7913462501912079,"remainingDistance":0.09088014453634395,"step":20}}
{"timestamp":"2025-12-10T23:06:42.366159606Z","level":"INFO","component":"Telemetry","message":"Telemetry sent: Position=(0.640083, -0.831164), Speed=3.97, State=1, Battery=69%"}
{"timestamp":"2025-12-10T23:06:42.383238444Z","level":"INFO","component":"Movement","message":"Arrived at destination (remaining distance: 0.0091)"}
{"timestamp":"2025-12-10T23:06:42.383324916Z","level":"INFO","component":"Movement","message":"Movement completed","metadata":{"actualTime":21.047813686,"battery":68,"estimatedTime":20.817602890726874}}
{"timestamp":"2025-12-10T23:06:42.383356796Z","level":"INFO","component":"Movement","message":"Arrived at destination. Starting task"}
{"timestamp":"2025-12-10T23:06:44.365356218Z","level":"INFO","component":"Telemetry","message":"Telemetry sent: Position=(0.640083, -0.831164), Speed=1.30, State=1, Battery=68%"}
{"timestamp":"2025-12-10T23:06:46.365119364Z","level":"INFO","component":"Telemetry","message":"Telemetry sent: Position=(0.640083, -0.831164), Speed=1.53, State=1, Battery=67%"}
{"timestamp":"2025-12-10T23:06:48.366128453Z","level":"INFO","component":"Telemetry","message":"Telemetry sent: Position=(0.640083, -0.831164), Speed=4.73, State=1, Battery=66%"}
{"timestamp":"2025-12-10T23:06:50.362448621Z","level":"INFO","component":"Telemetry","message":"Telemetry sent: Position=(0.640083, -0.831164), Speed=1.34, State=1, Battery=65%"}
{"timestamp":"2025-12-10T23:06:52.365127606Z","level":"INFO","component":"Telemetry","message":"Telemetry sent: Position=(0.640083, -0.831164), Speed=1.43, State=1, Battery=64%"}
{"timestamp":"2025-12-10T23:06:54.366291416Z","level":"INFO","component":"Telemetry","message":"Telemetry sent: Position=(0.640083, -0.831164), Speed=2.17, State=1, Battery=63%"}
{"timestamp":"2025-12-10T23:06:56.36511115Z","level":"INFO","component":"Telemetry","message":"Telemetry sent: Position=(0.640083, -0.831164), Speed=4.35, State=1, Battery=62%"}
{"timestamp":"2025-12-10T23:06:56.38438343Z","level":"INFO","component":"Report","message":"Packet sent: map[seqNum:1 type:MSG_REPORT]"}
{"timestamp":"2025-12-10T23:06:58.366085142Z","level":"INFO","component":"Telemetry","message":"Telemetry sent: Position=(0.640083, -0.831164), Speed=2.73, State=1, Battery=61%"}
{"timestamp":"2025-12-10T23:06:59.388295215Z","level":"WARN","component":"Report","message":"Timeout, retransmitting: map[retry:1 rto:3.002019018s seq:1]"}
{"timestamp":"2025-12-10T23:07:00.362370614Z","level":"INFO","component":"Telemetry","message":"Telemetry sent: Position=(0.640083, -0.831164), Speed=3.94, State=1, Battery=61%"}
{"timestamp":"2025-12-10T23:07:02.366065721Z","level":"INFO","component":"Telemetry","message":"Telemetry sent: Position=(0.640083, -0.831164), Speed=2.95, State=1, Battery=60%"}
{"timestamp":"2025-12-10T23:07:04.362144353Z","level":"INFO","component":"Telemetry","message":"Telemetry sent: Position=(0.640083, -0.831164), Speed=0.05, State=1, Battery=59%"}
{"timestamp":"2025-12-10T23:07:06.365107624Z","level":"INFO","component":"Telemetry","message":"Telemetry sent: Position=(0.640083, -0.831164), Speed=3.03, State=1, Battery=58%"}
{"timestamp":"2025-12-10T23:07:08.365656696Z","level":"INFO","component":"Telemetry","message":"Telemetry sent: Position=(0.640083, -0.831164), Speed=4.19, State=1, Battery=57%"}
{"timestamp":"2025-12-10T23:07:10.361930035Z","level":"INFO","component":"Telemetry","message":"Telemetry sent: Position=(0.640083, -0.831164), Speed=2.50, State=1, Battery=56%"}
{"timestamp":"2025-12-10T23:07:10.384218103Z","level":"INFO","component":"Report","message":"Packet sent: map[seqNum:29 type:MSG_REPORT]"}
{"timestamp":"2025-12-10T23:07:12.366005286Z","level":"INFO","component":"Telemetry","message":"Telemetry sent: Position=(0.640083, -0.831164), Speed=2.24, State=1, Battery=55%"}
{"timestamp":"2025-12-10T23:07:14.366072183Z","level":"INFO","component":"Telemetry","message":"Telemetry sent: Position=(0.640083, -0.831164), Speed=2.29, State=1, Battery=54%"}
{"timestamp":"2025-12-10T23:07:16.36547892Z","level":"INFO","component":"Telemetry","message":"Telemetry sent: Position=(0.640083, -0.831164), Speed=2.99, State=1, Battery=54%"}
{"timestamp":"2025-12-10T23:07:18.365113205Z","level":"INFO","component":"Telemetry","message":"Telemetry sent: Position=(0.640083, -0.831164), Speed=2.39, State=1, Battery=53%"}
